[0.015s] Invoking command in '/home/bohn/FishRos/chapt3/topic_ws/build/demo_cpp_topic': CMAKE_PREFIX_PATH=${CMAKE_PREFIX_PATH}:/home/bohn/FishRos/chapt3/topic_ws/install/demo_python_topic:/opt/ros/humble /usr/bin/cmake --build /home/bohn/FishRos/chapt3/topic_ws/build/demo_cpp_topic -- -j2 -l2
[0.124s] [35m[1mConsolidate compiler generated dependencies of target turtle_control[0m
[0.146s] [ 50%] Built target turtle_circle
[0.146s] [ 75%] [32mBuilding CXX object CMakeFiles/turtle_control.dir/src/turtle_control.cpp.o[0m
[3.056s] [100%] [32m[1mLinking CXX executable turtle_control[0m
[3.279s] [100%] Built target turtle_control
[3.283s] Invoked command in '/home/bohn/FishRos/chapt3/topic_ws/build/demo_cpp_topic' returned '0': CMAKE_PREFIX_PATH=${CMAKE_PREFIX_PATH}:/home/bohn/FishRos/chapt3/topic_ws/install/demo_python_topic:/opt/ros/humble /usr/bin/cmake --build /home/bohn/FishRos/chapt3/topic_ws/build/demo_cpp_topic -- -j2 -l2
[3.287s] Invoking command in '/home/bohn/FishRos/chapt3/topic_ws/build/demo_cpp_topic': CMAKE_PREFIX_PATH=${CMAKE_PREFIX_PATH}:/home/bohn/FishRos/chapt3/topic_ws/install/demo_python_topic:/opt/ros/humble /usr/bin/cmake --install /home/bohn/FishRos/chapt3/topic_ws/build/demo_cpp_topic
[3.290s] -- Install configuration: ""
[3.291s] -- Up-to-date: /home/bohn/FishRos/chapt3/topic_ws/install/demo_cpp_topic/lib/demo_cpp_topic/turtle_circle
[3.291s] -- Installing: /home/bohn/FishRos/chapt3/topic_ws/install/demo_cpp_topic/lib/demo_cpp_topic/turtle_control
[3.293s] -- Set runtime path of "/home/bohn/FishRos/chapt3/topic_ws/install/demo_cpp_topic/lib/demo_cpp_topic/turtle_control" to ""
[3.293s] -- Up-to-date: /home/bohn/FishRos/chapt3/topic_ws/install/demo_cpp_topic/share/ament_index/resource_index/package_run_dependencies/demo_cpp_topic
[3.293s] -- Installing: /home/bohn/FishRos/chapt3/topic_ws/install/demo_cpp_topic/share/ament_index/resource_index/parent_prefix_path/demo_cpp_topic
[3.294s] -- Up-to-date: /home/bohn/FishRos/chapt3/topic_ws/install/demo_cpp_topic/share/demo_cpp_topic/environment/ament_prefix_path.sh
[3.294s] -- Installing: /home/bohn/FishRos/chapt3/topic_ws/install/demo_cpp_topic/share/demo_cpp_topic/environment/ament_prefix_path.dsv
[3.294s] -- Up-to-date: /home/bohn/FishRos/chapt3/topic_ws/install/demo_cpp_topic/share/demo_cpp_topic/environment/path.sh
[3.294s] -- Installing: /home/bohn/FishRos/chapt3/topic_ws/install/demo_cpp_topic/share/demo_cpp_topic/environment/path.dsv
[3.295s] -- Up-to-date: /home/bohn/FishRos/chapt3/topic_ws/install/demo_cpp_topic/share/demo_cpp_topic/local_setup.bash
[3.295s] -- Up-to-date: /home/bohn/FishRos/chapt3/topic_ws/install/demo_cpp_topic/share/demo_cpp_topic/local_setup.sh
[3.295s] -- Up-to-date: /home/bohn/FishRos/chapt3/topic_ws/install/demo_cpp_topic/share/demo_cpp_topic/local_setup.zsh
[3.295s] -- Installing: /home/bohn/FishRos/chapt3/topic_ws/install/demo_cpp_topic/share/demo_cpp_topic/local_setup.dsv
[3.295s] -- Installing: /home/bohn/FishRos/chapt3/topic_ws/install/demo_cpp_topic/share/demo_cpp_topic/package.dsv
[3.295s] -- Up-to-date: /home/bohn/FishRos/chapt3/topic_ws/install/demo_cpp_topic/share/ament_index/resource_index/packages/demo_cpp_topic
[3.295s] -- Up-to-date: /home/bohn/FishRos/chapt3/topic_ws/install/demo_cpp_topic/share/demo_cpp_topic/cmake/demo_cpp_topicConfig.cmake
[3.295s] -- Up-to-date: /home/bohn/FishRos/chapt3/topic_ws/install/demo_cpp_topic/share/demo_cpp_topic/cmake/demo_cpp_topicConfig-version.cmake
[3.295s] -- Up-to-date: /home/bohn/FishRos/chapt3/topic_ws/install/demo_cpp_topic/share/demo_cpp_topic/package.xml
[3.297s] Invoked command in '/home/bohn/FishRos/chapt3/topic_ws/build/demo_cpp_topic' returned '0': CMAKE_PREFIX_PATH=${CMAKE_PREFIX_PATH}:/home/bohn/FishRos/chapt3/topic_ws/install/demo_python_topic:/opt/ros/humble /usr/bin/cmake --install /home/bohn/FishRos/chapt3/topic_ws/build/demo_cpp_topic
