[0.246s] Invoking command in '/home/bohn/FishRos/chapt4/chapt4_ws/src/demo_python_service': AMENT_PREFIX_PATH=/home/bohn/FishRos/chapt4/chapt4_ws/src/install/chapt4_interfaces:${AMENT_PREFIX_PATH} CMAKE_PREFIX_PATH=/home/bohn/FishRos/chapt4/chapt4_ws/src/install/chapt4_interfaces:${CMAKE_PREFIX_PATH} LD_LIBRARY_PATH=/home/bohn/FishRos/chapt4/chapt4_ws/src/install/chapt4_interfaces/lib:${LD_LIBRARY_PATH} PYTHONPATH=/home/bohn/FishRos/chapt4/chapt4_ws/src/build/demo_python_service/prefix_override:/usr/lib/python3/dist-packages/colcon_core/task/python/colcon_distutils_commands:/home/bohn/FishRos/chapt4/chapt4_ws/src/install/demo_python_service/lib/python3.10/site-packages:/home/bohn/FishRos/chapt4/chapt4_ws/src/install/chapt4_interfaces/local/lib/python3.10/dist-packages:${PYTHONPATH} /usr/bin/python3 -W ignore:setup.py install is deprecated -W ignore:easy_install command is deprecated setup.py egg_info --egg-base ../build/demo_python_service build --build-base /home/bohn/FishRos/chapt4/chapt4_ws/src/build/demo_python_service/build install --record /home/bohn/FishRos/chapt4/chapt4_ws/src/build/demo_python_service/install.log --single-version-externally-managed install_data
[0.320s] running egg_info
[0.320s] creating ../build/demo_python_service/demo_python_service.egg-info
[0.320s] writing ../build/demo_python_service/demo_python_service.egg-info/PKG-INFO
[0.320s] writing dependency_links to ../build/demo_python_service/demo_python_service.egg-info/dependency_links.txt
[0.320s] writing entry points to ../build/demo_python_service/demo_python_service.egg-info/entry_points.txt
[0.320s] writing requirements to ../build/demo_python_service/demo_python_service.egg-info/requires.txt
[0.320s] writing top-level names to ../build/demo_python_service/demo_python_service.egg-info/top_level.txt
[0.320s] writing manifest file '../build/demo_python_service/demo_python_service.egg-info/SOURCES.txt'
[0.321s] reading manifest file '../build/demo_python_service/demo_python_service.egg-info/SOURCES.txt'
[0.321s] adding license file 'LICENSE'
[0.321s] writing manifest file '../build/demo_python_service/demo_python_service.egg-info/SOURCES.txt'
[0.321s] running build
[0.321s] running build_py
[0.321s] creating /home/bohn/FishRos/chapt4/chapt4_ws/src/build/demo_python_service/build
[0.321s] creating /home/bohn/FishRos/chapt4/chapt4_ws/src/build/demo_python_service/build/lib
[0.321s] creating /home/bohn/FishRos/chapt4/chapt4_ws/src/build/demo_python_service/build/lib/demo_python_service
[0.321s] copying demo_python_service/__init__.py -> /home/bohn/FishRos/chapt4/chapt4_ws/src/build/demo_python_service/build/lib/demo_python_service
[0.321s] copying demo_python_service/learn_face_detect.py -> /home/bohn/FishRos/chapt4/chapt4_ws/src/build/demo_python_service/build/lib/demo_python_service
[0.321s] running install
[0.321s] running install_lib
[0.322s] creating /home/bohn/FishRos/chapt4/chapt4_ws/src/install/demo_python_service/lib/python3.10/site-packages/demo_python_service
[0.322s] copying /home/bohn/FishRos/chapt4/chapt4_ws/src/build/demo_python_service/build/lib/demo_python_service/__init__.py -> /home/bohn/FishRos/chapt4/chapt4_ws/src/install/demo_python_service/lib/python3.10/site-packages/demo_python_service
[0.322s] copying /home/bohn/FishRos/chapt4/chapt4_ws/src/build/demo_python_service/build/lib/demo_python_service/learn_face_detect.py -> /home/bohn/FishRos/chapt4/chapt4_ws/src/install/demo_python_service/lib/python3.10/site-packages/demo_python_service
[0.322s] byte-compiling /home/bohn/FishRos/chapt4/chapt4_ws/src/install/demo_python_service/lib/python3.10/site-packages/demo_python_service/__init__.py to __init__.cpython-310.pyc
[0.322s] byte-compiling /home/bohn/FishRos/chapt4/chapt4_ws/src/install/demo_python_service/lib/python3.10/site-packages/demo_python_service/learn_face_detect.py to learn_face_detect.cpython-310.pyc
[0.322s] running install_data
[0.322s] creating /home/bohn/FishRos/chapt4/chapt4_ws/src/install/demo_python_service/share/ament_index
[0.322s] creating /home/bohn/FishRos/chapt4/chapt4_ws/src/install/demo_python_service/share/ament_index/resource_index
[0.322s] creating /home/bohn/FishRos/chapt4/chapt4_ws/src/install/demo_python_service/share/ament_index/resource_index/packages
[0.322s] copying resource/demo_python_service -> /home/bohn/FishRos/chapt4/chapt4_ws/src/install/demo_python_service/share/ament_index/resource_index/packages
[0.322s] copying package.xml -> /home/bohn/FishRos/chapt4/chapt4_ws/src/install/demo_python_service/share/demo_python_service
[0.322s] creating /home/bohn/FishRos/chapt4/chapt4_ws/src/install/demo_python_service/share/demo_python_service/resource
[0.322s] copying resource/cury.png -> /home/bohn/FishRos/chapt4/chapt4_ws/src/install/demo_python_service/share/demo_python_service/resource
[0.325s] running install_egg_info
[0.326s] Copying ../build/demo_python_service/demo_python_service.egg-info to /home/bohn/FishRos/chapt4/chapt4_ws/src/install/demo_python_service/lib/python3.10/site-packages/demo_python_service-0.0.0-py3.10.egg-info
[0.326s] running install_scripts
[0.332s] Installing learn_face_detect script to /home/bohn/FishRos/chapt4/chapt4_ws/src/install/demo_python_service/lib/demo_python_service
[0.332s] writing list of installed files to '/home/bohn/FishRos/chapt4/chapt4_ws/src/build/demo_python_service/install.log'
[0.342s] Invoked command in '/home/bohn/FishRos/chapt4/chapt4_ws/src/demo_python_service' returned '0': AMENT_PREFIX_PATH=/home/bohn/FishRos/chapt4/chapt4_ws/src/install/chapt4_interfaces:${AMENT_PREFIX_PATH} CMAKE_PREFIX_PATH=/home/bohn/FishRos/chapt4/chapt4_ws/src/install/chapt4_interfaces:${CMAKE_PREFIX_PATH} LD_LIBRARY_PATH=/home/bohn/FishRos/chapt4/chapt4_ws/src/install/chapt4_interfaces/lib:${LD_LIBRARY_PATH} PYTHONPATH=/home/bohn/FishRos/chapt4/chapt4_ws/src/build/demo_python_service/prefix_override:/usr/lib/python3/dist-packages/colcon_core/task/python/colcon_distutils_commands:/home/bohn/FishRos/chapt4/chapt4_ws/src/install/demo_python_service/lib/python3.10/site-packages:/home/bohn/FishRos/chapt4/chapt4_ws/src/install/chapt4_interfaces/local/lib/python3.10/dist-packages:${PYTHONPATH} /usr/bin/python3 -W ignore:setup.py install is deprecated -W ignore:easy_install command is deprecated setup.py egg_info --egg-base ../build/demo_python_service build --build-base /home/bohn/FishRos/chapt4/chapt4_ws/src/build/demo_python_service/build install --record /home/bohn/FishRos/chapt4/chapt4_ws/src/build/demo_python_service/install.log --single-version-externally-managed install_data
