[0.204s] Invoking command in '/home/bohn/FishRos/chapt2/chapt2_ws/src/demo_python_pkg': PYTHONPATH=/home/bohn/FishRos/chapt2/chapt2_ws/build/demo_python_pkg/prefix_override:/usr/lib/python3/dist-packages/colcon_core/task/python/colcon_distutils_commands:/home/bohn/FishRos/chapt2/chapt2_ws/install/demo_python_pkg/lib/python3.10/site-packages:${PYTHONPATH} /usr/bin/python3 -W ignore:setup.py install is deprecated -W ignore:easy_install command is deprecated setup.py egg_info --egg-base ../../build/demo_python_pkg build --build-base /home/bohn/FishRos/chapt2/chapt2_ws/build/demo_python_pkg/build install --record /home/bohn/FishRos/chapt2/chapt2_ws/build/demo_python_pkg/install.log --single-version-externally-managed install_data
[0.279s] running egg_info
[0.279s] writing ../../build/demo_python_pkg/demo_python_pkg.egg-info/PKG-INFO
[0.279s] writing dependency_links to ../../build/demo_python_pkg/demo_python_pkg.egg-info/dependency_links.txt
[0.279s] writing entry points to ../../build/demo_python_pkg/demo_python_pkg.egg-info/entry_points.txt
[0.279s] writing requirements to ../../build/demo_python_pkg/demo_python_pkg.egg-info/requires.txt
[0.279s] writing top-level names to ../../build/demo_python_pkg/demo_python_pkg.egg-info/top_level.txt
[0.280s] reading manifest file '../../build/demo_python_pkg/demo_python_pkg.egg-info/SOURCES.txt'
[0.280s] adding license file 'LICENSE'
[0.281s] writing manifest file '../../build/demo_python_pkg/demo_python_pkg.egg-info/SOURCES.txt'
[0.281s] running build
[0.281s] running build_py
[0.281s] running install
[0.281s] running install_lib
[0.281s] running install_data
[0.281s] copying package.xml -> /home/bohn/FishRos/chapt2/chapt2_ws/install/demo_python_pkg/share/demo_python_pkg
[0.282s] running install_egg_info
[0.282s] removing '/home/bohn/FishRos/chapt2/chapt2_ws/install/demo_python_pkg/lib/python3.10/site-packages/demo_python_pkg-0.0.0-py3.10.egg-info' (and everything under it)
[0.282s] Copying ../../build/demo_python_pkg/demo_python_pkg.egg-info to /home/bohn/FishRos/chapt2/chapt2_ws/install/demo_python_pkg/lib/python3.10/site-packages/demo_python_pkg-0.0.0-py3.10.egg-info
[0.282s] running install_scripts
[0.288s] Installing python_node script to /home/bohn/FishRos/chapt2/chapt2_ws/install/demo_python_pkg/lib/demo_python_pkg
[0.288s] writing list of installed files to '/home/bohn/FishRos/chapt2/chapt2_ws/build/demo_python_pkg/install.log'
[0.298s] Invoked command in '/home/bohn/FishRos/chapt2/chapt2_ws/src/demo_python_pkg' returned '0': PYTHONPATH=/home/bohn/FishRos/chapt2/chapt2_ws/build/demo_python_pkg/prefix_override:/usr/lib/python3/dist-packages/colcon_core/task/python/colcon_distutils_commands:/home/bohn/FishRos/chapt2/chapt2_ws/install/demo_python_pkg/lib/python3.10/site-packages:${PYTHONPATH} /usr/bin/python3 -W ignore:setup.py install is deprecated -W ignore:easy_install command is deprecated setup.py egg_info --egg-base ../../build/demo_python_pkg build --build-base /home/bohn/FishRos/chapt2/chapt2_ws/build/demo_python_pkg/build install --record /home/bohn/FishRos/chapt2/chapt2_ws/build/demo_python_pkg/install.log --single-version-externally-managed install_data
