[0.005s] Invoking command in '/home/bohn/FishRos/chapt2/chapt2_ws/build/demo_cpp_pkg': CMAKE_PREFIX_PATH=${CMAKE_PREFIX_PATH}:/home/bohn/FishRos/chapt2/install/demo_python_pkg:/opt/ros/humble /usr/bin/cmake /home/bohn/FishRos/chapt2/chapt2_ws/src/demo_cpp_pkg -DCMAKE_INSTALL_PREFIX=/home/bohn/FishRos/chapt2/chapt2_ws/install/demo_cpp_pkg
[0.028s] -- The C compiler identification is GNU 11.4.0
[0.050s] -- The CXX compiler identification is GNU 11.4.0
[0.053s] -- Detecting C compiler ABI info
[0.080s] -- Detecting C compiler ABI info - done
[0.083s] -- Check for working C compiler: /usr/bin/cc - skipped
[0.083s] -- Detecting C compile features
[0.083s] -- Detecting C compile features - done
[0.085s] -- Detecting CXX compiler ABI info
[0.128s] -- Detecting CXX compiler ABI info - done
[0.129s] -- Check for working CXX compiler: /usr/bin/c++ - skipped
[0.130s] -- Detecting CXX compile features
[0.130s] -- Detecting CXX compile features - done
[0.132s] -- Found ament_cmake: 1.3.12 (/opt/ros/humble/share/ament_cmake/cmake)
[0.188s] -- Found Python3: /usr/bin/python3 (found version "3.10.12") found components: Interpreter 
[0.221s] -- Found rclcpp: 16.0.14 (/opt/ros/humble/share/rclcpp/cmake)
[0.240s] -- Found rosidl_generator_c: 3.1.7 (/opt/ros/humble/share/rosidl_generator_c/cmake)
[0.242s] -- Found rosidl_adapter: 3.1.7 (/opt/ros/humble/share/rosidl_adapter/cmake)
[0.246s] -- Found rosidl_generator_cpp: 3.1.7 (/opt/ros/humble/share/rosidl_generator_cpp/cmake)
[0.251s] -- Using all available rosidl_typesupport_c: rosidl_typesupport_fastrtps_c;rosidl_typesupport_introspection_c
[0.260s] -- Using all available rosidl_typesupport_cpp: rosidl_typesupport_fastrtps_cpp;rosidl_typesupport_introspection_cpp
[0.275s] -- Found rmw_implementation_cmake: 6.1.2 (/opt/ros/humble/share/rmw_implementation_cmake/cmake)
[0.276s] -- Found rmw_fastrtps_cpp: 6.2.8 (/opt/ros/humble/share/rmw_fastrtps_cpp/cmake)
[0.308s] -- Found OpenSSL: /usr/lib/aarch64-linux-gnu/libcrypto.so (found version "3.0.2")  
[0.319s] -- Found FastRTPS: /opt/ros/humble/include  
[0.335s] -- Using RMW implementation 'rmw_fastrtps_cpp' as default
[0.338s] -- Looking for pthread.h
[0.362s] -- Looking for pthread.h - found
[0.362s] -- Performing Test CMAKE_HAVE_LIBC_PTHREAD
[0.385s] -- Performing Test CMAKE_HAVE_LIBC_PTHREAD - Success
[0.385s] -- Found Threads: TRUE  
[0.403s] -- Found ament_lint_auto: 0.12.14 (/opt/ros/humble/share/ament_lint_auto/cmake)
[0.431s] -- Added test 'cppcheck' to perform static code analysis on C / C++ code
[0.431s] -- Configured cppcheck include dirs: 
[0.431s] -- Configured cppcheck exclude dirs and/or files: 
[0.431s] -- Added test 'lint_cmake' to check CMake code style
[0.431s] -- Added test 'uncrustify' to check C / C++ code style
[0.431s] -- Configured uncrustify additional arguments: 
[0.432s] -- Added test 'xmllint' to check XML markup files
[0.432s] -- Configuring done
[0.435s] -- Generating done
[0.437s] -- Build files have been written to: /home/bohn/FishRos/chapt2/chapt2_ws/build/demo_cpp_pkg
[0.441s] Invoked command in '/home/bohn/FishRos/chapt2/chapt2_ws/build/demo_cpp_pkg' returned '0': CMAKE_PREFIX_PATH=${CMAKE_PREFIX_PATH}:/home/bohn/FishRos/chapt2/install/demo_python_pkg:/opt/ros/humble /usr/bin/cmake /home/bohn/FishRos/chapt2/chapt2_ws/src/demo_cpp_pkg -DCMAKE_INSTALL_PREFIX=/home/bohn/FishRos/chapt2/chapt2_ws/install/demo_cpp_pkg
[0.441s] Invoking command in '/home/bohn/FishRos/chapt2/chapt2_ws/build/demo_cpp_pkg': CMAKE_PREFIX_PATH=${CMAKE_PREFIX_PATH}:/home/bohn/FishRos/chapt2/install/demo_python_pkg:/opt/ros/humble /usr/bin/cmake --build /home/bohn/FishRos/chapt2/chapt2_ws/build/demo_cpp_pkg -- -j2 -l2
[0.455s] [ 50%] [32mBuilding CXX object CMakeFiles/cpp_node.dir/src/cpp_node.cpp.o[0m
[1.390s] [100%] [32m[1mLinking CXX executable cpp_node[0m
[1.423s] [100%] Built target cpp_node
[1.429s] Invoked command in '/home/bohn/FishRos/chapt2/chapt2_ws/build/demo_cpp_pkg' returned '0': CMAKE_PREFIX_PATH=${CMAKE_PREFIX_PATH}:/home/bohn/FishRos/chapt2/install/demo_python_pkg:/opt/ros/humble /usr/bin/cmake --build /home/bohn/FishRos/chapt2/chapt2_ws/build/demo_cpp_pkg -- -j2 -l2
[1.432s] Invoking command in '/home/bohn/FishRos/chapt2/chapt2_ws/build/demo_cpp_pkg': CMAKE_PREFIX_PATH=${CMAKE_PREFIX_PATH}:/home/bohn/FishRos/chapt2/install/demo_python_pkg:/opt/ros/humble /usr/bin/cmake --install /home/bohn/FishRos/chapt2/chapt2_ws/build/demo_cpp_pkg
[1.434s] -- Install configuration: ""
[1.434s] -- Installing: /home/bohn/FishRos/chapt2/chapt2_ws/install/demo_cpp_pkg/lib/demo_cpp_pkg/cpp_node
[1.434s] -- Set runtime path of "/home/bohn/FishRos/chapt2/chapt2_ws/install/demo_cpp_pkg/lib/demo_cpp_pkg/cpp_node" to ""
[1.434s] -- Installing: /home/bohn/FishRos/chapt2/chapt2_ws/install/demo_cpp_pkg/share/ament_index/resource_index/package_run_dependencies/demo_cpp_pkg
[1.434s] -- Installing: /home/bohn/FishRos/chapt2/chapt2_ws/install/demo_cpp_pkg/share/ament_index/resource_index/parent_prefix_path/demo_cpp_pkg
[1.434s] -- Installing: /home/bohn/FishRos/chapt2/chapt2_ws/install/demo_cpp_pkg/share/demo_cpp_pkg/environment/ament_prefix_path.sh
[1.434s] -- Installing: /home/bohn/FishRos/chapt2/chapt2_ws/install/demo_cpp_pkg/share/demo_cpp_pkg/environment/ament_prefix_path.dsv
[1.434s] -- Installing: /home/bohn/FishRos/chapt2/chapt2_ws/install/demo_cpp_pkg/share/demo_cpp_pkg/environment/path.sh
[1.434s] -- Installing: /home/bohn/FishRos/chapt2/chapt2_ws/install/demo_cpp_pkg/share/demo_cpp_pkg/environment/path.dsv
[1.434s] -- Installing: /home/bohn/FishRos/chapt2/chapt2_ws/install/demo_cpp_pkg/share/demo_cpp_pkg/local_setup.bash
[1.434s] -- Installing: /home/bohn/FishRos/chapt2/chapt2_ws/install/demo_cpp_pkg/share/demo_cpp_pkg/local_setup.sh
[1.435s] -- Installing: /home/bohn/FishRos/chapt2/chapt2_ws/install/demo_cpp_pkg/share/demo_cpp_pkg/local_setup.zsh
[1.435s] -- Installing: /home/bohn/FishRos/chapt2/chapt2_ws/install/demo_cpp_pkg/share/demo_cpp_pkg/local_setup.dsv
[1.435s] -- Installing: /home/bohn/FishRos/chapt2/chapt2_ws/install/demo_cpp_pkg/share/demo_cpp_pkg/package.dsv
[1.435s] -- Installing: /home/bohn/FishRos/chapt2/chapt2_ws/install/demo_cpp_pkg/share/ament_index/resource_index/packages/demo_cpp_pkg
[1.435s] -- Installing: /home/bohn/FishRos/chapt2/chapt2_ws/install/demo_cpp_pkg/share/demo_cpp_pkg/cmake/demo_cpp_pkgConfig.cmake
[1.435s] -- Installing: /home/bohn/FishRos/chapt2/chapt2_ws/install/demo_cpp_pkg/share/demo_cpp_pkg/cmake/demo_cpp_pkgConfig-version.cmake
[1.435s] -- Installing: /home/bohn/FishRos/chapt2/chapt2_ws/install/demo_cpp_pkg/share/demo_cpp_pkg/package.xml
[1.436s] Invoked command in '/home/bohn/FishRos/chapt2/chapt2_ws/build/demo_cpp_pkg' returned '0': CMAKE_PREFIX_PATH=${CMAKE_PREFIX_PATH}:/home/bohn/FishRos/chapt2/install/demo_python_pkg:/opt/ros/humble /usr/bin/cmake --install /home/bohn/FishRos/chapt2/chapt2_ws/build/demo_cpp_pkg
