[0.004s] Invoking command in '/home/bohn/FishRos/chapt3/topic_practice_ws/build/status_interfaces': CMAKE_PREFIX_PATH=/opt/ros/humble /usr/bin/cmake /home/bohn/FishRos/chapt3/topic_practice_ws/src/status_interfaces -DCMAKE_INSTALL_PREFIX=/home/bohn/FishRos/chapt3/topic_practice_ws/install/status_interfaces
[0.011s] -- Found ament_cmake: 1.3.12 (/opt/ros/humble/share/ament_cmake/cmake)
[0.060s] [31mCMake Error at CMakeLists.txt:10 (find_package):
[0.060s]   By not providing "Findrosid1_default_generators.cmake" in CMAKE_MODULE_PATH
[0.060s]   this project has asked CMake to find a package configuration file provided
[0.060s]   by "rosid1_default_generators", but CMake did not find one.
[0.060s] 
[0.060s]   Could not find a package configuration file provided by
[0.060s]   "rosid1_default_generators" with any of the following names:
[0.060s] 
[0.060s]     rosid1_default_generatorsConfig.cmake
[0.060s]     rosid1_default_generators-config.cmake
[0.060s] 
[0.060s]   Add the installation prefix of "rosid1_default_generators" to
[0.060s]   CMAKE_PREFIX_PATH or set "rosid1_default_generators_DIR" to a directory
[0.060s]   containing one of the above files.  If "rosid1_default_generators" provides
[0.060s]   a separate development package or SDK, be sure it has been installed.
[0.060s] 
[0.060s] [0m
[0.060s] -- Configuring incomplete, errors occurred!
[0.060s] See also "/home/bohn/FishRos/chapt3/topic_practice_ws/build/status_interfaces/CMakeFiles/CMakeOutput.log".
[0.061s] Invoked command in '/home/bohn/FishRos/chapt3/topic_practice_ws/build/status_interfaces' returned '1': CMAKE_PREFIX_PATH=/opt/ros/humble /usr/bin/cmake /home/bohn/FishRos/chapt3/topic_practice_ws/src/status_interfaces -DCMAKE_INSTALL_PREFIX=/home/bohn/FishRos/chapt3/topic_practice_ws/install/status_interfaces
