[0.004s] Invoking command in '/home/bohn/FishRos/chapt3/topic_practice_ws/build/status_display': CMAKE_PREFIX_PATH=${CMAKE_PREFIX_PATH}:/home/bohn/FishRos/chapt3/topic_practice_ws/install/status_publisher:/opt/ros/humble /usr/bin/cmake --build /home/bohn/FishRos/chapt3/topic_practice_ws/build/status_display -- -j2 -l2
[0.014s] -- Found ament_cmake: 1.3.12 (/opt/ros/humble/share/ament_cmake/cmake)
[0.064s] -- Found rclcpp: 16.0.14 (/opt/ros/humble/share/rclcpp/cmake)
[0.075s] -- Found rosidl_generator_c: 3.1.7 (/opt/ros/humble/share/rosidl_generator_c/cmake)
[0.075s] -- Found rosidl_adapter: 3.1.7 (/opt/ros/humble/share/rosidl_adapter/cmake)
[0.077s] -- Found rosidl_generator_cpp: 3.1.7 (/opt/ros/humble/share/rosidl_generator_cpp/cmake)
[0.081s] -- Using all available rosidl_typesupport_c: rosidl_typesupport_fastrtps_c;rosidl_typesupport_introspection_c
[0.085s] -- Using all available rosidl_typesupport_cpp: rosidl_typesupport_fastrtps_cpp;rosidl_typesupport_introspection_cpp
[0.096s] -- Found rmw_implementation_cmake: 6.1.2 (/opt/ros/humble/share/rmw_implementation_cmake/cmake)
[0.097s] -- Found rmw_fastrtps_cpp: 6.2.8 (/opt/ros/humble/share/rmw_fastrtps_cpp/cmake)
[0.136s] -- Using RMW implementation 'rmw_fastrtps_cpp' as default
[0.154s] -- Found status_interfaces: 0.0.0 (/home/bohn/FishRos/chapt3/topic_practice_ws/install/status_interfaces/share/status_interfaces/cmake)
[0.161s] -- Found ament_lint_auto: 0.12.14 (/opt/ros/humble/share/ament_lint_auto/cmake)
[0.194s] -- Added test 'cppcheck' to perform static code analysis on C / C++ code
[0.194s] -- Configured cppcheck include dirs: 
[0.194s] -- Configured cppcheck exclude dirs and/or files: 
[0.194s] -- Added test 'lint_cmake' to check CMake code style
[0.194s] -- Added test 'uncrustify' to check C / C++ code style
[0.194s] -- Configured uncrustify additional arguments: 
[0.194s] -- Added test 'xmllint' to check XML markup files
[0.194s] -- Configuring done
[0.203s] -- Generating done
[0.204s] -- Build files have been written to: /home/bohn/FishRos/chapt3/topic_practice_ws/build/status_display
[0.220s] [35m[1mConsolidate compiler generated dependencies of target hello_qt[0m
[0.224s] [ 50%] [32m[1mLinking CXX executable hello_qt[0m
[0.308s] /usr/bin/ld: /usr/lib/gcc/aarch64-linux-gnu/11/../../../aarch64-linux-gnu/Scrt1.o: in function `_start':
[0.308s] (.text+0x1c): undefined reference to `main'
[0.308s] /usr/bin/ld: (.text+0x20): undefined reference to `main'
[0.315s] collect2: error: ld returned 1 exit status
[0.315s] gmake[2]: *** [CMakeFiles/hello_qt.dir/build.make:100: hello_qt] Error 1
[0.316s] gmake[1]: *** [CMakeFiles/Makefile2:137: CMakeFiles/hello_qt.dir/all] Error 2
[0.316s] gmake: *** [Makefile:146: all] Error 2
[0.317s] Invoked command in '/home/bohn/FishRos/chapt3/topic_practice_ws/build/status_display' returned '2': CMAKE_PREFIX_PATH=${CMAKE_PREFIX_PATH}:/home/bohn/FishRos/chapt3/topic_practice_ws/install/status_publisher:/opt/ros/humble /usr/bin/cmake --build /home/bohn/FishRos/chapt3/topic_practice_ws/build/status_display -- -j2 -l2
