[0.004s] Invoking command in '/home/bohn/FishRos/chapt3/topic_practice_ws/build/status_display': CMAKE_PREFIX_PATH=${CMAKE_PREFIX_PATH}:/home/bohn/FishRos/chapt3/topic_practice_ws/install/status_publisher:/opt/ros/humble /usr/bin/cmake /home/bohn/FishRos/chapt3/topic_practice_ws/src/status_display -DCMAKE_INSTALL_PREFIX=/home/bohn/FishRos/chapt3/topic_practice_ws/install/status_display
[0.039s] -- The C compiler identification is GNU 11.4.0
[0.064s] -- The CXX compiler identification is GNU 11.4.0
[0.067s] -- Detecting C compiler ABI info
[0.099s] -- Detecting C compiler ABI info - done
[0.102s] -- Check for working C compiler: /usr/bin/cc - skipped
[0.102s] -- Detecting C compile features
[0.103s] -- Detecting C compile features - done
[0.104s] -- Detecting CXX compiler ABI info
[0.147s] -- Detecting CXX compiler ABI info - done
[0.149s] -- Check for working CXX compiler: /usr/bin/c++ - skipped
[0.149s] -- Detecting CXX compile features
[0.150s] -- Detecting CXX compile features - done
[0.151s] -- Found ament_cmake: 1.3.12 (/opt/ros/humble/share/ament_cmake/cmake)
[0.252s] -- Found Python3: /usr/bin/python3 (found version "3.10.12") found components: Interpreter 
[0.296s] -- Found rclcpp: 16.0.14 (/opt/ros/humble/share/rclcpp/cmake)
[0.316s] -- Found rosidl_generator_c: 3.1.7 (/opt/ros/humble/share/rosidl_generator_c/cmake)
[0.318s] -- Found rosidl_adapter: 3.1.7 (/opt/ros/humble/share/rosidl_adapter/cmake)
[0.321s] -- Found rosidl_generator_cpp: 3.1.7 (/opt/ros/humble/share/rosidl_generator_cpp/cmake)
[0.325s] -- Using all available rosidl_typesupport_c: rosidl_typesupport_fastrtps_c;rosidl_typesupport_introspection_c
[0.332s] -- Using all available rosidl_typesupport_cpp: rosidl_typesupport_fastrtps_cpp;rosidl_typesupport_introspection_cpp
[0.358s] -- Found rmw_implementation_cmake: 6.1.2 (/opt/ros/humble/share/rmw_implementation_cmake/cmake)
[0.361s] -- Found rmw_fastrtps_cpp: 6.2.8 (/opt/ros/humble/share/rmw_fastrtps_cpp/cmake)
[0.399s] -- Found OpenSSL: /usr/lib/aarch64-linux-gnu/libcrypto.so (found version "3.0.2")  
[0.410s] -- Found FastRTPS: /opt/ros/humble/include  
[0.427s] -- Using RMW implementation 'rmw_fastrtps_cpp' as default
[0.433s] -- Looking for pthread.h
[0.460s] -- Looking for pthread.h - found
[0.461s] -- Performing Test CMAKE_HAVE_LIBC_PTHREAD
[0.491s] -- Performing Test CMAKE_HAVE_LIBC_PTHREAD - Success
[0.492s] -- Found Threads: TRUE  
[0.519s] -- Found status_interfaces: 0.0.0 (/home/bohn/FishRos/chapt3/topic_practice_ws/install/status_interfaces/share/status_interfaces/cmake)
[0.537s] -- Found ament_lint_auto: 0.12.14 (/opt/ros/humble/share/ament_lint_auto/cmake)
[0.569s] -- Added test 'cppcheck' to perform static code analysis on C / C++ code
[0.570s] -- Configured cppcheck include dirs: 
[0.570s] -- Configured cppcheck exclude dirs and/or files: 
[0.570s] -- Added test 'lint_cmake' to check CMake code style
[0.570s] -- Added test 'uncrustify' to check C / C++ code style
[0.570s] -- Configured uncrustify additional arguments: 
[0.571s] -- Added test 'xmllint' to check XML markup files
[0.571s] -- Configuring done
[0.578s] -- Generating done
[0.579s] -- Build files have been written to: /home/bohn/FishRos/chapt3/topic_practice_ws/build/status_display
[0.584s] Invoked command in '/home/bohn/FishRos/chapt3/topic_practice_ws/build/status_display' returned '0': CMAKE_PREFIX_PATH=${CMAKE_PREFIX_PATH}:/home/bohn/FishRos/chapt3/topic_practice_ws/install/status_publisher:/opt/ros/humble /usr/bin/cmake /home/bohn/FishRos/chapt3/topic_practice_ws/src/status_display -DCMAKE_INSTALL_PREFIX=/home/bohn/FishRos/chapt3/topic_practice_ws/install/status_display
[0.584s] Invoking command in '/home/bohn/FishRos/chapt3/topic_practice_ws/build/status_display': CMAKE_PREFIX_PATH=${CMAKE_PREFIX_PATH}:/home/bohn/FishRos/chapt3/topic_practice_ws/install/status_publisher:/opt/ros/humble /usr/bin/cmake --build /home/bohn/FishRos/chapt3/topic_practice_ws/build/status_display -- -j2 -l2
[0.611s] [ 50%] [32mBuilding CXX object CMakeFiles/hello_qt.dir/src/hello_qt.cpp.o[0m
[1.071s] [100%] [32m[1mLinking CXX executable hello_qt[0m
[1.171s] /usr/bin/ld: /usr/lib/gcc/aarch64-linux-gnu/11/../../../aarch64-linux-gnu/Scrt1.o: in function `_start':
[1.171s] (.text+0x1c): undefined reference to `main'
[1.171s] /usr/bin/ld: (.text+0x20): undefined reference to `main'
[1.179s] collect2: error: ld returned 1 exit status
[1.180s] gmake[2]: *** [CMakeFiles/hello_qt.dir/build.make:100: hello_qt] Error 1
[1.180s] gmake[1]: *** [CMakeFiles/Makefile2:137: CMakeFiles/hello_qt.dir/all] Error 2
[1.180s] gmake: *** [Makefile:146: all] Error 2
[1.181s] Invoked command in '/home/bohn/FishRos/chapt3/topic_practice_ws/build/status_display' returned '2': CMAKE_PREFIX_PATH=${CMAKE_PREFIX_PATH}:/home/bohn/FishRos/chapt3/topic_practice_ws/install/status_publisher:/opt/ros/humble /usr/bin/cmake --build /home/bohn/FishRos/chapt3/topic_practice_ws/build/status_display -- -j2 -l2
