[0.003s] Invoking command in '/home/bohn/FishRos/chapt3/topic_ws/build/demo_cpp_topic': CMAKE_PREFIX_PATH=/home/bohn/FishRos/chapt3/topic_ws/install/demo_python_topic:/opt/ros/humble /usr/bin/cmake --build /home/bohn/FishRos/chapt3/topic_ws/build/demo_cpp_topic -- -j2 -l2
[0.020s] [35m[1mConsolidate compiler generated dependencies of target turtle_circle[0m
[0.026s] [ 50%] [32mBuilding CXX object CMakeFiles/turtle_circle.dir/src/turtle_circle.cpp.o[0m
[1.352s] [100%] [32m[1mLinking CXX executable turtle_circle[0m
[1.437s] [100%] Built target turtle_circle
[1.441s] Invoked command in '/home/bohn/FishRos/chapt3/topic_ws/build/demo_cpp_topic' returned '0': CMAKE_PREFIX_PATH=/home/bohn/FishRos/chapt3/topic_ws/install/demo_python_topic:/opt/ros/humble /usr/bin/cmake --build /home/bohn/FishRos/chapt3/topic_ws/build/demo_cpp_topic -- -j2 -l2
[1.445s] Invoking command in '/home/bohn/FishRos/chapt3/topic_ws/build/demo_cpp_topic': CMAKE_PREFIX_PATH=/home/bohn/FishRos/chapt3/topic_ws/install/demo_python_topic:/opt/ros/humble /usr/bin/cmake --install /home/bohn/FishRos/chapt3/topic_ws/build/demo_cpp_topic
[1.447s] -- Install configuration: ""
[1.447s] -- Installing: /home/bohn/FishRos/chapt3/topic_ws/install/demo_cpp_topic/lib/&{PROJECT_NAME}/turtle_circle
[1.447s] -- Set runtime path of "/home/bohn/FishRos/chapt3/topic_ws/install/demo_cpp_topic/lib/&{PROJECT_NAME}/turtle_circle" to ""
[1.447s] -- Installing: /home/bohn/FishRos/chapt3/topic_ws/install/demo_cpp_topic/share/ament_index/resource_index/package_run_dependencies/demo_cpp_topic
[1.448s] -- Installing: /home/bohn/FishRos/chapt3/topic_ws/install/demo_cpp_topic/share/ament_index/resource_index/parent_prefix_path/demo_cpp_topic
[1.448s] -- Installing: /home/bohn/FishRos/chapt3/topic_ws/install/demo_cpp_topic/share/demo_cpp_topic/environment/ament_prefix_path.sh
[1.448s] -- Installing: /home/bohn/FishRos/chapt3/topic_ws/install/demo_cpp_topic/share/demo_cpp_topic/environment/ament_prefix_path.dsv
[1.448s] -- Installing: /home/bohn/FishRos/chapt3/topic_ws/install/demo_cpp_topic/share/demo_cpp_topic/environment/path.sh
[1.448s] -- Installing: /home/bohn/FishRos/chapt3/topic_ws/install/demo_cpp_topic/share/demo_cpp_topic/environment/path.dsv
[1.448s] -- Installing: /home/bohn/FishRos/chapt3/topic_ws/install/demo_cpp_topic/share/demo_cpp_topic/local_setup.bash
[1.448s] -- Installing: /home/bohn/FishRos/chapt3/topic_ws/install/demo_cpp_topic/share/demo_cpp_topic/local_setup.sh
[1.448s] -- Installing: /home/bohn/FishRos/chapt3/topic_ws/install/demo_cpp_topic/share/demo_cpp_topic/local_setup.zsh
[1.448s] -- Installing: /home/bohn/FishRos/chapt3/topic_ws/install/demo_cpp_topic/share/demo_cpp_topic/local_setup.dsv
[1.449s] -- Installing: /home/bohn/FishRos/chapt3/topic_ws/install/demo_cpp_topic/share/demo_cpp_topic/package.dsv
[1.449s] -- Installing: /home/bohn/FishRos/chapt3/topic_ws/install/demo_cpp_topic/share/ament_index/resource_index/packages/demo_cpp_topic
[1.449s] -- Installing: /home/bohn/FishRos/chapt3/topic_ws/install/demo_cpp_topic/share/demo_cpp_topic/cmake/demo_cpp_topicConfig.cmake
[1.449s] -- Installing: /home/bohn/FishRos/chapt3/topic_ws/install/demo_cpp_topic/share/demo_cpp_topic/cmake/demo_cpp_topicConfig-version.cmake
[1.449s] -- Installing: /home/bohn/FishRos/chapt3/topic_ws/install/demo_cpp_topic/share/demo_cpp_topic/package.xml
[1.450s] Invoked command in '/home/bohn/FishRos/chapt3/topic_ws/build/demo_cpp_topic' returned '0': CMAKE_PREFIX_PATH=/home/bohn/FishRos/chapt3/topic_ws/install/demo_python_topic:/opt/ros/humble /usr/bin/cmake --install /home/bohn/FishRos/chapt3/topic_ws/build/demo_cpp_topic
