[0.198s] Invoking command in '/home/bohn/FishRos/chapt4/chapt4_ws/src/demo_python_service': PYTHONPATH=/home/bohn/FishRos/chapt4/chapt4_ws/src/build/demo_python_service/prefix_override:/usr/lib/python3/dist-packages/colcon_core/task/python/colcon_distutils_commands:/home/bohn/FishRos/chapt4/chapt4_ws/src/install/demo_python_service/lib/python3.10/site-packages:${PYTHONPATH} /usr/bin/python3 -W ignore:setup.py install is deprecated -W ignore:easy_install command is deprecated setup.py egg_info --egg-base ../build/demo_python_service build --build-base /home/bohn/FishRos/chapt4/chapt4_ws/src/build/demo_python_service/build install --record /home/bohn/FishRos/chapt4/chapt4_ws/src/build/demo_python_service/install.log --single-version-externally-managed install_data
[0.273s] running egg_info
[0.274s] writing ../build/demo_python_service/demo_python_service.egg-info/PKG-INFO
[0.274s] writing dependency_links to ../build/demo_python_service/demo_python_service.egg-info/dependency_links.txt
[0.274s] writing entry points to ../build/demo_python_service/demo_python_service.egg-info/entry_points.txt
[0.274s] writing requirements to ../build/demo_python_service/demo_python_service.egg-info/requires.txt
[0.274s] writing top-level names to ../build/demo_python_service/demo_python_service.egg-info/top_level.txt
[0.275s] reading manifest file '../build/demo_python_service/demo_python_service.egg-info/SOURCES.txt'
[0.275s] adding license file 'LICENSE'
[0.275s] writing manifest file '../build/demo_python_service/demo_python_service.egg-info/SOURCES.txt'
[0.275s] running build
[0.275s] running build_py
[0.275s] copying demo_python_service/learn_face_detect.py -> /home/bohn/FishRos/chapt4/chapt4_ws/src/build/demo_python_service/build/lib/demo_python_service
[0.275s] running install
[0.275s] running install_lib
[0.275s] copying /home/bohn/FishRos/chapt4/chapt4_ws/src/build/demo_python_service/build/lib/demo_python_service/learn_face_detect.py -> /home/bohn/FishRos/chapt4/chapt4_ws/src/install/demo_python_service/lib/python3.10/site-packages/demo_python_service
[0.276s] byte-compiling /home/bohn/FishRos/chapt4/chapt4_ws/src/install/demo_python_service/lib/python3.10/site-packages/demo_python_service/learn_face_detect.py to learn_face_detect.cpython-310.pyc
[0.276s] running install_data
[0.276s] running install_egg_info
[0.277s] removing '/home/bohn/FishRos/chapt4/chapt4_ws/src/install/demo_python_service/lib/python3.10/site-packages/demo_python_service-0.0.0-py3.10.egg-info' (and everything under it)
[0.277s] Copying ../build/demo_python_service/demo_python_service.egg-info to /home/bohn/FishRos/chapt4/chapt4_ws/src/install/demo_python_service/lib/python3.10/site-packages/demo_python_service-0.0.0-py3.10.egg-info
[0.277s] running install_scripts
[0.283s] Installing learn_face_detect script to /home/bohn/FishRos/chapt4/chapt4_ws/src/install/demo_python_service/lib/demo_python_service
[0.284s] writing list of installed files to '/home/bohn/FishRos/chapt4/chapt4_ws/src/build/demo_python_service/install.log'
[0.292s] Invoked command in '/home/bohn/FishRos/chapt4/chapt4_ws/src/demo_python_service' returned '0': PYTHONPATH=/home/bohn/FishRos/chapt4/chapt4_ws/src/build/demo_python_service/prefix_override:/usr/lib/python3/dist-packages/colcon_core/task/python/colcon_distutils_commands:/home/bohn/FishRos/chapt4/chapt4_ws/src/install/demo_python_service/lib/python3.10/site-packages:${PYTHONPATH} /usr/bin/python3 -W ignore:setup.py install is deprecated -W ignore:easy_install command is deprecated setup.py egg_info --egg-base ../build/demo_python_service build --build-base /home/bohn/FishRos/chapt4/chapt4_ws/src/build/demo_python_service/build install --record /home/bohn/FishRos/chapt4/chapt4_ws/src/build/demo_python_service/install.log --single-version-externally-managed install_data
