[0.276s] Invoking command in '/home/bohn/FishRos/chapt3/topic_practice_ws/src/status_publisher': CMAKE_PREFIX_PATH=/home/bohn/FishRos/chapt3/topic_practice_ws/install/status_interfaces:/home/bohn/FishRos/chapt3/topic_practice_ws/install/status_display PYTHONPATH=/home/bohn/FishRos/chapt3/topic_practice_ws/build/status_publisher/prefix_override:/usr/lib/python3/dist-packages/colcon_core/task/python/colcon_distutils_commands:/home/bohn/FishRos/chapt3/topic_practice_ws/install/status_publisher/lib/python3.10/site-packages:${PYTHONPATH} /usr/bin/python3 -W ignore:setup.py install is deprecated -W ignore:easy_install command is deprecated setup.py egg_info --egg-base ../../build/status_publisher build --build-base /home/bohn/FishRos/chapt3/topic_practice_ws/build/status_publisher/build install --record /home/bohn/FishRos/chapt3/topic_practice_ws/build/status_publisher/install.log --single-version-externally-managed install_data
[0.373s] running egg_info
[0.374s] writing ../../build/status_publisher/status_publisher.egg-info/PKG-INFO
[0.374s] writing dependency_links to ../../build/status_publisher/status_publisher.egg-info/dependency_links.txt
[0.374s] writing entry points to ../../build/status_publisher/status_publisher.egg-info/entry_points.txt
[0.374s] writing requirements to ../../build/status_publisher/status_publisher.egg-info/requires.txt
[0.375s] writing top-level names to ../../build/status_publisher/status_publisher.egg-info/top_level.txt
[0.377s] reading manifest file '../../build/status_publisher/status_publisher.egg-info/SOURCES.txt'
[0.377s] adding license file 'LICENSE'
[0.377s] writing manifest file '../../build/status_publisher/status_publisher.egg-info/SOURCES.txt'
[0.378s] running build
[0.378s] running build_py
[0.378s] running install
[0.378s] running install_lib
[0.380s] running install_data
[0.380s] running install_egg_info
[0.381s] removing '/home/bohn/FishRos/chapt3/topic_practice_ws/install/status_publisher/lib/python3.10/site-packages/status_publisher-0.0.0-py3.10.egg-info' (and everything under it)
[0.381s] Copying ../../build/status_publisher/status_publisher.egg-info to /home/bohn/FishRos/chapt3/topic_practice_ws/install/status_publisher/lib/python3.10/site-packages/status_publisher-0.0.0-py3.10.egg-info
[0.382s] running install_scripts
[0.390s] Installing sys_status_pub script to /home/bohn/FishRos/chapt3/topic_practice_ws/install/status_publisher/lib/status_publisher
[0.391s] writing list of installed files to '/home/bohn/FishRos/chapt3/topic_practice_ws/build/status_publisher/install.log'
[0.404s] Invoked command in '/home/bohn/FishRos/chapt3/topic_practice_ws/src/status_publisher' returned '0': CMAKE_PREFIX_PATH=/home/bohn/FishRos/chapt3/topic_practice_ws/install/status_interfaces:/home/bohn/FishRos/chapt3/topic_practice_ws/install/status_display PYTHONPATH=/home/bohn/FishRos/chapt3/topic_practice_ws/build/status_publisher/prefix_override:/usr/lib/python3/dist-packages/colcon_core/task/python/colcon_distutils_commands:/home/bohn/FishRos/chapt3/topic_practice_ws/install/status_publisher/lib/python3.10/site-packages:${PYTHONPATH} /usr/bin/python3 -W ignore:setup.py install is deprecated -W ignore:easy_install command is deprecated setup.py egg_info --egg-base ../../build/status_publisher build --build-base /home/bohn/FishRos/chapt3/topic_practice_ws/build/status_publisher/build install --record /home/bohn/FishRos/chapt3/topic_practice_ws/build/status_publisher/install.log --single-version-externally-managed install_data
