[0.004s] Invoking command in '/home/bohn/FishRos/chapt4/chapt4_ws/build/chapt4_interfaces': CMAKE_PREFIX_PATH=${CMAKE_PREFIX_PATH}:/home/bohn/FishRos/chapt4/chapt4_ws/install/demo_python_service:/opt/ros/humble /usr/bin/cmake --build /home/bohn/FishRos/chapt4/chapt4_ws/build/chapt4_interfaces -- -j2 -l2
[0.021s] [  3%] Built target chapt4_interfaces__cpp
[0.021s] [ 12%] Built target chapt4_interfaces__rosidl_generator_c
[0.029s] [ 22%] Built target chapt4_interfaces__rosidl_typesupport_cpp
[0.032s] [ 22%] Built target ament_cmake_python_copy_chapt4_interfaces
[0.038s] [ 32%] Built target chapt4_interfaces__rosidl_typesupport_fastrtps_c
[0.039s] [ 41%] Built target chapt4_interfaces__rosidl_typesupport_introspection_c
[0.044s] [ 51%] Built target chapt4_interfaces__rosidl_typesupport_c
[0.045s] [ 61%] Built target chapt4_interfaces__rosidl_typesupport_fastrtps_cpp
[0.051s] [ 70%] Built target chapt4_interfaces__rosidl_typesupport_introspection_cpp
[0.056s] [ 70%] Built target chapt4_interfaces
[0.061s] [ 74%] Built target chapt4_interfaces__py
[0.067s] [ 80%] Built target chapt4_interfaces__rosidl_generator_py
[0.073s] [ 87%] Built target chapt4_interfaces__rosidl_typesupport_fastrtps_c__pyext
[0.079s] [ 93%] Built target chapt4_interfaces__rosidl_typesupport_introspection_c__pyext
[0.085s] [100%] Built target chapt4_interfaces__rosidl_typesupport_c__pyext
[0.122s] running egg_info
[0.122s] writing chapt4_interfaces.egg-info/PKG-INFO
[0.122s] writing dependency_links to chapt4_interfaces.egg-info/dependency_links.txt
[0.122s] writing top-level names to chapt4_interfaces.egg-info/top_level.txt
[0.123s] reading manifest file 'chapt4_interfaces.egg-info/SOURCES.txt'
[0.123s] writing manifest file 'chapt4_interfaces.egg-info/SOURCES.txt'
[0.133s] [100%] Built target ament_cmake_python_build_chapt4_interfaces_egg
[0.139s] Invoked command in '/home/bohn/FishRos/chapt4/chapt4_ws/build/chapt4_interfaces' returned '0': CMAKE_PREFIX_PATH=${CMAKE_PREFIX_PATH}:/home/bohn/FishRos/chapt4/chapt4_ws/install/demo_python_service:/opt/ros/humble /usr/bin/cmake --build /home/bohn/FishRos/chapt4/chapt4_ws/build/chapt4_interfaces -- -j2 -l2
[0.142s] Invoking command in '/home/bohn/FishRos/chapt4/chapt4_ws/build/chapt4_interfaces': CMAKE_PREFIX_PATH=${CMAKE_PREFIX_PATH}:/home/bohn/FishRos/chapt4/chapt4_ws/install/demo_python_service:/opt/ros/humble /usr/bin/cmake --install /home/bohn/FishRos/chapt4/chapt4_ws/build/chapt4_interfaces
[0.144s] -- Install configuration: ""
[0.144s] -- Up-to-date: /home/bohn/FishRos/chapt4/chapt4_ws/install/chapt4_interfaces/share/ament_index/resource_index/rosidl_interfaces/chapt4_interfaces
[0.144s] -- Up-to-date: /home/bohn/FishRos/chapt4/chapt4_ws/install/chapt4_interfaces/include/chapt4_interfaces/chapt4_interfaces
[0.144s] -- Up-to-date: /home/bohn/FishRos/chapt4/chapt4_ws/install/chapt4_interfaces/include/chapt4_interfaces/chapt4_interfaces/msg
[0.144s] -- Up-to-date: /home/bohn/FishRos/chapt4/chapt4_ws/install/chapt4_interfaces/include/chapt4_interfaces/chapt4_interfaces/msg/rosidl_generator_c__visibility_control.h
[0.144s] -- Up-to-date: /home/bohn/FishRos/chapt4/chapt4_ws/install/chapt4_interfaces/include/chapt4_interfaces/chapt4_interfaces/srv
[0.144s] -- Up-to-date: /home/bohn/FishRos/chapt4/chapt4_ws/install/chapt4_interfaces/include/chapt4_interfaces/chapt4_interfaces/srv/face_detector.h
[0.144s] -- Up-to-date: /home/bohn/FishRos/chapt4/chapt4_ws/install/chapt4_interfaces/include/chapt4_interfaces/chapt4_interfaces/srv/detail
[0.144s] -- Up-to-date: /home/bohn/FishRos/chapt4/chapt4_ws/install/chapt4_interfaces/include/chapt4_interfaces/chapt4_interfaces/srv/detail/face_detector__type_support.h
[0.144s] -- Up-to-date: /home/bohn/FishRos/chapt4/chapt4_ws/install/chapt4_interfaces/include/chapt4_interfaces/chapt4_interfaces/srv/detail/face_detector__functions.h
[0.144s] -- Up-to-date: /home/bohn/FishRos/chapt4/chapt4_ws/install/chapt4_interfaces/include/chapt4_interfaces/chapt4_interfaces/srv/detail/face_detector__functions.c
[0.144s] -- Up-to-date: /home/bohn/FishRos/chapt4/chapt4_ws/install/chapt4_interfaces/include/chapt4_interfaces/chapt4_interfaces/srv/detail/face_detector__struct.h
[0.144s] -- Up-to-date: /home/bohn/FishRos/chapt4/chapt4_ws/install/chapt4_interfaces/share/chapt4_interfaces/environment/library_path.sh
[0.144s] -- Up-to-date: /home/bohn/FishRos/chapt4/chapt4_ws/install/chapt4_interfaces/share/chapt4_interfaces/environment/library_path.dsv
[0.144s] -- Up-to-date: /home/bohn/FishRos/chapt4/chapt4_ws/install/chapt4_interfaces/lib/libchapt4_interfaces__rosidl_generator_c.so
[0.144s] -- Up-to-date: /home/bohn/FishRos/chapt4/chapt4_ws/install/chapt4_interfaces/include/chapt4_interfaces/chapt4_interfaces
[0.145s] -- Up-to-date: /home/bohn/FishRos/chapt4/chapt4_ws/install/chapt4_interfaces/include/chapt4_interfaces/chapt4_interfaces/msg
[0.145s] -- Up-to-date: /home/bohn/FishRos/chapt4/chapt4_ws/install/chapt4_interfaces/include/chapt4_interfaces/chapt4_interfaces/msg/rosidl_typesupport_fastrtps_c__visibility_control.h
[0.145s] -- Up-to-date: /home/bohn/FishRos/chapt4/chapt4_ws/install/chapt4_interfaces/include/chapt4_interfaces/chapt4_interfaces/srv
[0.145s] -- Up-to-date: /home/bohn/FishRos/chapt4/chapt4_ws/install/chapt4_interfaces/include/chapt4_interfaces/chapt4_interfaces/srv/detail
[0.145s] -- Up-to-date: /home/bohn/FishRos/chapt4/chapt4_ws/install/chapt4_interfaces/include/chapt4_interfaces/chapt4_interfaces/srv/detail/face_detector__rosidl_typesupport_fastrtps_c.h
[0.145s] -- Up-to-date: /home/bohn/FishRos/chapt4/chapt4_ws/install/chapt4_interfaces/lib/libchapt4_interfaces__rosidl_typesupport_fastrtps_c.so
[0.145s] -- Up-to-date: /home/bohn/FishRos/chapt4/chapt4_ws/install/chapt4_interfaces/include/chapt4_interfaces/chapt4_interfaces
[0.145s] -- Up-to-date: /home/bohn/FishRos/chapt4/chapt4_ws/install/chapt4_interfaces/include/chapt4_interfaces/chapt4_interfaces/msg
[0.145s] -- Up-to-date: /home/bohn/FishRos/chapt4/chapt4_ws/install/chapt4_interfaces/include/chapt4_interfaces/chapt4_interfaces/msg/rosidl_typesupport_introspection_c__visibility_control.h
[0.145s] -- Up-to-date: /home/bohn/FishRos/chapt4/chapt4_ws/install/chapt4_interfaces/include/chapt4_interfaces/chapt4_interfaces/srv
[0.145s] -- Up-to-date: /home/bohn/FishRos/chapt4/chapt4_ws/install/chapt4_interfaces/include/chapt4_interfaces/chapt4_interfaces/srv/detail
[0.145s] -- Up-to-date: /home/bohn/FishRos/chapt4/chapt4_ws/install/chapt4_interfaces/include/chapt4_interfaces/chapt4_interfaces/srv/detail/face_detector__type_support.c
[0.145s] -- Up-to-date: /home/bohn/FishRos/chapt4/chapt4_ws/install/chapt4_interfaces/include/chapt4_interfaces/chapt4_interfaces/srv/detail/face_detector__rosidl_typesupport_introspection_c.h
[0.145s] -- Up-to-date: /home/bohn/FishRos/chapt4/chapt4_ws/install/chapt4_interfaces/lib/libchapt4_interfaces__rosidl_typesupport_introspection_c.so
[0.145s] -- Up-to-date: /home/bohn/FishRos/chapt4/chapt4_ws/install/chapt4_interfaces/lib/libchapt4_interfaces__rosidl_typesupport_c.so
[0.146s] -- Up-to-date: /home/bohn/FishRos/chapt4/chapt4_ws/install/chapt4_interfaces/include/chapt4_interfaces/chapt4_interfaces
[0.146s] -- Up-to-date: /home/bohn/FishRos/chapt4/chapt4_ws/install/chapt4_interfaces/include/chapt4_interfaces/chapt4_interfaces/msg
[0.146s] -- Up-to-date: /home/bohn/FishRos/chapt4/chapt4_ws/install/chapt4_interfaces/include/chapt4_interfaces/chapt4_interfaces/msg/rosidl_generator_cpp__visibility_control.hpp
[0.146s] -- Up-to-date: /home/bohn/FishRos/chapt4/chapt4_ws/install/chapt4_interfaces/include/chapt4_interfaces/chapt4_interfaces/srv
[0.146s] -- Up-to-date: /home/bohn/FishRos/chapt4/chapt4_ws/install/chapt4_interfaces/include/chapt4_interfaces/chapt4_interfaces/srv/face_detector.hpp
[0.146s] -- Up-to-date: /home/bohn/FishRos/chapt4/chapt4_ws/install/chapt4_interfaces/include/chapt4_interfaces/chapt4_interfaces/srv/detail
[0.146s] -- Up-to-date: /home/bohn/FishRos/chapt4/chapt4_ws/install/chapt4_interfaces/include/chapt4_interfaces/chapt4_interfaces/srv/detail/face_detector__type_support.hpp
[0.146s] -- Up-to-date: /home/bohn/FishRos/chapt4/chapt4_ws/install/chapt4_interfaces/include/chapt4_interfaces/chapt4_interfaces/srv/detail/face_detector__traits.hpp
[0.146s] -- Up-to-date: /home/bohn/FishRos/chapt4/chapt4_ws/install/chapt4_interfaces/include/chapt4_interfaces/chapt4_interfaces/srv/detail/face_detector__builder.hpp
[0.146s] -- Up-to-date: /home/bohn/FishRos/chapt4/chapt4_ws/install/chapt4_interfaces/include/chapt4_interfaces/chapt4_interfaces/srv/detail/face_detector__struct.hpp
[0.146s] -- Up-to-date: /home/bohn/FishRos/chapt4/chapt4_ws/install/chapt4_interfaces/include/chapt4_interfaces/chapt4_interfaces
[0.146s] -- Up-to-date: /home/bohn/FishRos/chapt4/chapt4_ws/install/chapt4_interfaces/include/chapt4_interfaces/chapt4_interfaces/msg
[0.146s] -- Up-to-date: /home/bohn/FishRos/chapt4/chapt4_ws/install/chapt4_interfaces/include/chapt4_interfaces/chapt4_interfaces/msg/rosidl_typesupport_fastrtps_cpp__visibility_control.h
[0.146s] -- Up-to-date: /home/bohn/FishRos/chapt4/chapt4_ws/install/chapt4_interfaces/include/chapt4_interfaces/chapt4_interfaces/srv
[0.146s] -- Up-to-date: /home/bohn/FishRos/chapt4/chapt4_ws/install/chapt4_interfaces/include/chapt4_interfaces/chapt4_interfaces/srv/detail
[0.146s] -- Up-to-date: /home/bohn/FishRos/chapt4/chapt4_ws/install/chapt4_interfaces/include/chapt4_interfaces/chapt4_interfaces/srv/detail/face_detector__rosidl_typesupport_fastrtps_cpp.hpp
[0.146s] -- Up-to-date: /home/bohn/FishRos/chapt4/chapt4_ws/install/chapt4_interfaces/include/chapt4_interfaces/chapt4_interfaces/srv/detail/dds_fastrtps
[0.146s] -- Up-to-date: /home/bohn/FishRos/chapt4/chapt4_ws/install/chapt4_interfaces/lib/libchapt4_interfaces__rosidl_typesupport_fastrtps_cpp.so
[0.146s] -- Up-to-date: /home/bohn/FishRos/chapt4/chapt4_ws/install/chapt4_interfaces/include/chapt4_interfaces/chapt4_interfaces
[0.147s] -- Up-to-date: /home/bohn/FishRos/chapt4/chapt4_ws/install/chapt4_interfaces/include/chapt4_interfaces/chapt4_interfaces/srv
[0.147s] -- Up-to-date: /home/bohn/FishRos/chapt4/chapt4_ws/install/chapt4_interfaces/include/chapt4_interfaces/chapt4_interfaces/srv/detail
[0.147s] -- Up-to-date: /home/bohn/FishRos/chapt4/chapt4_ws/install/chapt4_interfaces/include/chapt4_interfaces/chapt4_interfaces/srv/detail/face_detector__type_support.cpp
[0.147s] -- Up-to-date: /home/bohn/FishRos/chapt4/chapt4_ws/install/chapt4_interfaces/include/chapt4_interfaces/chapt4_interfaces/srv/detail/face_detector__rosidl_typesupport_introspection_cpp.hpp
[0.147s] -- Up-to-date: /home/bohn/FishRos/chapt4/chapt4_ws/install/chapt4_interfaces/lib/libchapt4_interfaces__rosidl_typesupport_introspection_cpp.so
[0.147s] -- Up-to-date: /home/bohn/FishRos/chapt4/chapt4_ws/install/chapt4_interfaces/lib/libchapt4_interfaces__rosidl_typesupport_cpp.so
[0.147s] -- Up-to-date: /home/bohn/FishRos/chapt4/chapt4_ws/install/chapt4_interfaces/share/chapt4_interfaces/environment/pythonpath.sh
[0.147s] -- Up-to-date: /home/bohn/FishRos/chapt4/chapt4_ws/install/chapt4_interfaces/share/chapt4_interfaces/environment/pythonpath.dsv
[0.147s] -- Up-to-date: /home/bohn/FishRos/chapt4/chapt4_ws/install/chapt4_interfaces/local/lib/python3.10/dist-packages/chapt4_interfaces-0.0.0-py3.10.egg-info
[0.147s] -- Installing: /home/bohn/FishRos/chapt4/chapt4_ws/install/chapt4_interfaces/local/lib/python3.10/dist-packages/chapt4_interfaces-0.0.0-py3.10.egg-info/dependency_links.txt
[0.147s] -- Installing: /home/bohn/FishRos/chapt4/chapt4_ws/install/chapt4_interfaces/local/lib/python3.10/dist-packages/chapt4_interfaces-0.0.0-py3.10.egg-info/SOURCES.txt
[0.147s] -- Installing: /home/bohn/FishRos/chapt4/chapt4_ws/install/chapt4_interfaces/local/lib/python3.10/dist-packages/chapt4_interfaces-0.0.0-py3.10.egg-info/PKG-INFO
[0.147s] -- Installing: /home/bohn/FishRos/chapt4/chapt4_ws/install/chapt4_interfaces/local/lib/python3.10/dist-packages/chapt4_interfaces-0.0.0-py3.10.egg-info/top_level.txt
[0.148s] -- Up-to-date: /home/bohn/FishRos/chapt4/chapt4_ws/install/chapt4_interfaces/local/lib/python3.10/dist-packages/chapt4_interfaces
[0.148s] -- Up-to-date: /home/bohn/FishRos/chapt4/chapt4_ws/install/chapt4_interfaces/local/lib/python3.10/dist-packages/chapt4_interfaces/libchapt4_interfaces__rosidl_generator_py.so
[0.148s] -- Up-to-date: /home/bohn/FishRos/chapt4/chapt4_ws/install/chapt4_interfaces/local/lib/python3.10/dist-packages/chapt4_interfaces/chapt4_interfaces_s__rosidl_typesupport_introspection_c.cpython-310-aarch64-linux-gnu.so
[0.148s] -- Up-to-date: /home/bohn/FishRos/chapt4/chapt4_ws/install/chapt4_interfaces/local/lib/python3.10/dist-packages/chapt4_interfaces/chapt4_interfaces_s__rosidl_typesupport_c.cpython-310-aarch64-linux-gnu.so
[0.148s] -- Up-to-date: /home/bohn/FishRos/chapt4/chapt4_ws/install/chapt4_interfaces/local/lib/python3.10/dist-packages/chapt4_interfaces/_chapt4_interfaces_s.ep.rosidl_typesupport_introspection_c.c
[0.148s] -- Up-to-date: /home/bohn/FishRos/chapt4/chapt4_ws/install/chapt4_interfaces/local/lib/python3.10/dist-packages/chapt4_interfaces/_chapt4_interfaces_s.ep.rosidl_typesupport_fastrtps_c.c
[0.148s] -- Up-to-date: /home/bohn/FishRos/chapt4/chapt4_ws/install/chapt4_interfaces/local/lib/python3.10/dist-packages/chapt4_interfaces/_chapt4_interfaces_s.ep.rosidl_typesupport_c.c
[0.148s] -- Up-to-date: /home/bohn/FishRos/chapt4/chapt4_ws/install/chapt4_interfaces/local/lib/python3.10/dist-packages/chapt4_interfaces/__init__.py
[0.148s] -- Up-to-date: /home/bohn/FishRos/chapt4/chapt4_ws/install/chapt4_interfaces/local/lib/python3.10/dist-packages/chapt4_interfaces/chapt4_interfaces_s__rosidl_typesupport_fastrtps_c.cpython-310-aarch64-linux-gnu.so
[0.148s] -- Up-to-date: /home/bohn/FishRos/chapt4/chapt4_ws/install/chapt4_interfaces/local/lib/python3.10/dist-packages/chapt4_interfaces/srv
[0.148s] -- Up-to-date: /home/bohn/FishRos/chapt4/chapt4_ws/install/chapt4_interfaces/local/lib/python3.10/dist-packages/chapt4_interfaces/srv/_face_detector.py
[0.148s] -- Up-to-date: /home/bohn/FishRos/chapt4/chapt4_ws/install/chapt4_interfaces/local/lib/python3.10/dist-packages/chapt4_interfaces/srv/_face_detector_s.c
[0.148s] -- Up-to-date: /home/bohn/FishRos/chapt4/chapt4_ws/install/chapt4_interfaces/local/lib/python3.10/dist-packages/chapt4_interfaces/srv/__init__.py
[0.159s] Listing '/home/bohn/FishRos/chapt4/chapt4_ws/install/chapt4_interfaces/local/lib/python3.10/dist-packages/chapt4_interfaces'...
[0.159s] Listing '/home/bohn/FishRos/chapt4/chapt4_ws/install/chapt4_interfaces/local/lib/python3.10/dist-packages/chapt4_interfaces/srv'...
[0.161s] -- Up-to-date: /home/bohn/FishRos/chapt4/chapt4_ws/install/chapt4_interfaces/local/lib/python3.10/dist-packages/chapt4_interfaces/chapt4_interfaces_s__rosidl_typesupport_fastrtps_c.cpython-310-aarch64-linux-gnu.so
[0.161s] -- Up-to-date: /home/bohn/FishRos/chapt4/chapt4_ws/install/chapt4_interfaces/local/lib/python3.10/dist-packages/chapt4_interfaces/chapt4_interfaces_s__rosidl_typesupport_introspection_c.cpython-310-aarch64-linux-gnu.so
[0.161s] -- Up-to-date: /home/bohn/FishRos/chapt4/chapt4_ws/install/chapt4_interfaces/local/lib/python3.10/dist-packages/chapt4_interfaces/chapt4_interfaces_s__rosidl_typesupport_c.cpython-310-aarch64-linux-gnu.so
[0.162s] -- Up-to-date: /home/bohn/FishRos/chapt4/chapt4_ws/install/chapt4_interfaces/lib/libchapt4_interfaces__rosidl_generator_py.so
[0.162s] -- Up-to-date: /home/bohn/FishRos/chapt4/chapt4_ws/install/chapt4_interfaces/share/chapt4_interfaces/srv/FaceDetector.idl
[0.162s] -- Up-to-date: /home/bohn/FishRos/chapt4/chapt4_ws/install/chapt4_interfaces/share/chapt4_interfaces/srv/FaceDetector.srv
[0.162s] -- Up-to-date: /home/bohn/FishRos/chapt4/chapt4_ws/install/chapt4_interfaces/share/chapt4_interfaces/srv/FaceDetector_Request.msg
[0.162s] -- Up-to-date: /home/bohn/FishRos/chapt4/chapt4_ws/install/chapt4_interfaces/share/chapt4_interfaces/srv/FaceDetector_Response.msg
[0.162s] -- Up-to-date: /home/bohn/FishRos/chapt4/chapt4_ws/install/chapt4_interfaces/share/ament_index/resource_index/package_run_dependencies/chapt4_interfaces
[0.162s] -- Up-to-date: /home/bohn/FishRos/chapt4/chapt4_ws/install/chapt4_interfaces/share/ament_index/resource_index/parent_prefix_path/chapt4_interfaces
[0.162s] -- Up-to-date: /home/bohn/FishRos/chapt4/chapt4_ws/install/chapt4_interfaces/share/chapt4_interfaces/environment/ament_prefix_path.sh
[0.162s] -- Up-to-date: /home/bohn/FishRos/chapt4/chapt4_ws/install/chapt4_interfaces/share/chapt4_interfaces/environment/ament_prefix_path.dsv
[0.162s] -- Up-to-date: /home/bohn/FishRos/chapt4/chapt4_ws/install/chapt4_interfaces/share/chapt4_interfaces/environment/path.sh
[0.162s] -- Up-to-date: /home/bohn/FishRos/chapt4/chapt4_ws/install/chapt4_interfaces/share/chapt4_interfaces/environment/path.dsv
[0.162s] -- Up-to-date: /home/bohn/FishRos/chapt4/chapt4_ws/install/chapt4_interfaces/share/chapt4_interfaces/local_setup.bash
[0.162s] -- Up-to-date: /home/bohn/FishRos/chapt4/chapt4_ws/install/chapt4_interfaces/share/chapt4_interfaces/local_setup.sh
[0.162s] -- Up-to-date: /home/bohn/FishRos/chapt4/chapt4_ws/install/chapt4_interfaces/share/chapt4_interfaces/local_setup.zsh
[0.162s] -- Up-to-date: /home/bohn/FishRos/chapt4/chapt4_ws/install/chapt4_interfaces/share/chapt4_interfaces/local_setup.dsv
[0.162s] -- Installing: /home/bohn/FishRos/chapt4/chapt4_ws/install/chapt4_interfaces/share/chapt4_interfaces/package.dsv
[0.162s] -- Up-to-date: /home/bohn/FishRos/chapt4/chapt4_ws/install/chapt4_interfaces/share/ament_index/resource_index/packages/chapt4_interfaces
[0.162s] -- Up-to-date: /home/bohn/FishRos/chapt4/chapt4_ws/install/chapt4_interfaces/share/chapt4_interfaces/cmake/export_chapt4_interfaces__rosidl_generator_cExport.cmake
[0.162s] -- Up-to-date: /home/bohn/FishRos/chapt4/chapt4_ws/install/chapt4_interfaces/share/chapt4_interfaces/cmake/export_chapt4_interfaces__rosidl_generator_cExport-noconfig.cmake
[0.163s] -- Up-to-date: /home/bohn/FishRos/chapt4/chapt4_ws/install/chapt4_interfaces/share/chapt4_interfaces/cmake/export_chapt4_interfaces__rosidl_typesupport_fastrtps_cExport.cmake
[0.163s] -- Up-to-date: /home/bohn/FishRos/chapt4/chapt4_ws/install/chapt4_interfaces/share/chapt4_interfaces/cmake/export_chapt4_interfaces__rosidl_typesupport_fastrtps_cExport-noconfig.cmake
[0.163s] -- Up-to-date: /home/bohn/FishRos/chapt4/chapt4_ws/install/chapt4_interfaces/share/chapt4_interfaces/cmake/chapt4_interfaces__rosidl_typesupport_introspection_cExport.cmake
[0.163s] -- Up-to-date: /home/bohn/FishRos/chapt4/chapt4_ws/install/chapt4_interfaces/share/chapt4_interfaces/cmake/chapt4_interfaces__rosidl_typesupport_introspection_cExport-noconfig.cmake
[0.163s] -- Up-to-date: /home/bohn/FishRos/chapt4/chapt4_ws/install/chapt4_interfaces/share/chapt4_interfaces/cmake/chapt4_interfaces__rosidl_typesupport_cExport.cmake
[0.163s] -- Up-to-date: /home/bohn/FishRos/chapt4/chapt4_ws/install/chapt4_interfaces/share/chapt4_interfaces/cmake/chapt4_interfaces__rosidl_typesupport_cExport-noconfig.cmake
[0.163s] -- Up-to-date: /home/bohn/FishRos/chapt4/chapt4_ws/install/chapt4_interfaces/share/chapt4_interfaces/cmake/export_chapt4_interfaces__rosidl_generator_cppExport.cmake
[0.163s] -- Up-to-date: /home/bohn/FishRos/chapt4/chapt4_ws/install/chapt4_interfaces/share/chapt4_interfaces/cmake/export_chapt4_interfaces__rosidl_typesupport_fastrtps_cppExport.cmake
[0.163s] -- Up-to-date: /home/bohn/FishRos/chapt4/chapt4_ws/install/chapt4_interfaces/share/chapt4_interfaces/cmake/export_chapt4_interfaces__rosidl_typesupport_fastrtps_cppExport-noconfig.cmake
[0.163s] -- Up-to-date: /home/bohn/FishRos/chapt4/chapt4_ws/install/chapt4_interfaces/share/chapt4_interfaces/cmake/chapt4_interfaces__rosidl_typesupport_introspection_cppExport.cmake
[0.163s] -- Up-to-date: /home/bohn/FishRos/chapt4/chapt4_ws/install/chapt4_interfaces/share/chapt4_interfaces/cmake/chapt4_interfaces__rosidl_typesupport_introspection_cppExport-noconfig.cmake
[0.163s] -- Up-to-date: /home/bohn/FishRos/chapt4/chapt4_ws/install/chapt4_interfaces/share/chapt4_interfaces/cmake/chapt4_interfaces__rosidl_typesupport_cppExport.cmake
[0.163s] -- Up-to-date: /home/bohn/FishRos/chapt4/chapt4_ws/install/chapt4_interfaces/share/chapt4_interfaces/cmake/chapt4_interfaces__rosidl_typesupport_cppExport-noconfig.cmake
[0.163s] -- Up-to-date: /home/bohn/FishRos/chapt4/chapt4_ws/install/chapt4_interfaces/share/chapt4_interfaces/cmake/export_chapt4_interfaces__rosidl_generator_pyExport.cmake
[0.163s] -- Up-to-date: /home/bohn/FishRos/chapt4/chapt4_ws/install/chapt4_interfaces/share/chapt4_interfaces/cmake/export_chapt4_interfaces__rosidl_generator_pyExport-noconfig.cmake
[0.163s] -- Up-to-date: /home/bohn/FishRos/chapt4/chapt4_ws/install/chapt4_interfaces/share/chapt4_interfaces/cmake/rosidl_cmake-extras.cmake
[0.163s] -- Up-to-date: /home/bohn/FishRos/chapt4/chapt4_ws/install/chapt4_interfaces/share/chapt4_interfaces/cmake/ament_cmake_export_dependencies-extras.cmake
[0.163s] -- Up-to-date: /home/bohn/FishRos/chapt4/chapt4_ws/install/chapt4_interfaces/share/chapt4_interfaces/cmake/ament_cmake_export_include_directories-extras.cmake
[0.163s] -- Up-to-date: /home/bohn/FishRos/chapt4/chapt4_ws/install/chapt4_interfaces/share/chapt4_interfaces/cmake/ament_cmake_export_libraries-extras.cmake
[0.164s] -- Up-to-date: /home/bohn/FishRos/chapt4/chapt4_ws/install/chapt4_interfaces/share/chapt4_interfaces/cmake/ament_cmake_export_targets-extras.cmake
[0.164s] -- Up-to-date: /home/bohn/FishRos/chapt4/chapt4_ws/install/chapt4_interfaces/share/chapt4_interfaces/cmake/rosidl_cmake_export_typesupport_targets-extras.cmake
[0.164s] -- Up-to-date: /home/bohn/FishRos/chapt4/chapt4_ws/install/chapt4_interfaces/share/chapt4_interfaces/cmake/rosidl_cmake_export_typesupport_libraries-extras.cmake
[0.164s] -- Up-to-date: /home/bohn/FishRos/chapt4/chapt4_ws/install/chapt4_interfaces/share/chapt4_interfaces/cmake/chapt4_interfacesConfig.cmake
[0.164s] -- Up-to-date: /home/bohn/FishRos/chapt4/chapt4_ws/install/chapt4_interfaces/share/chapt4_interfaces/cmake/chapt4_interfacesConfig-version.cmake
[0.164s] -- Up-to-date: /home/bohn/FishRos/chapt4/chapt4_ws/install/chapt4_interfaces/share/chapt4_interfaces/package.xml
[0.168s] Invoked command in '/home/bohn/FishRos/chapt4/chapt4_ws/build/chapt4_interfaces' returned '0': CMAKE_PREFIX_PATH=${CMAKE_PREFIX_PATH}:/home/bohn/FishRos/chapt4/chapt4_ws/install/demo_python_service:/opt/ros/humble /usr/bin/cmake --install /home/bohn/FishRos/chapt4/chapt4_ws/build/chapt4_interfaces
