[0.004s] Invoking command in '/home/bohn/FishRos/chapt2/chapt2_ws/build/demo_cpp_pkg': CMAKE_PREFIX_PATH=${CMAKE_PREFIX_PATH}:/home/bohn/FishRos/chapt2/chapt2_ws/install/demo_python_pkg:/opt/ros/humble /usr/bin/cmake --build /home/bohn/FishRos/chapt2/chapt2_ws/build/demo_cpp_pkg -- -j2 -l2
[0.029s] [35m[1mConsolidate compiler generated dependencies of target cpp_node[0m
[0.030s] [35m[1mConsolidate compiler generated dependencies of target person_node[0m
[0.036s] [ 14%] Built target person_node
[0.039s] [35m[1mConsolidate compiler generated dependencies of target learn_auto[0m
[0.040s] [ 28%] Built target cpp_node
[0.042s] [ 42%] Built target learn_auto
[0.045s] [35m[1mConsolidate compiler generated dependencies of target learn_shared_ptr[0m
[0.048s] [35m[1mConsolidate compiler generated dependencies of target learn_lambda[0m
[0.049s] [ 57%] Built target learn_shared_ptr
[0.052s] [ 71%] Built target learn_lambda
[0.054s] [35m[1mConsolidate compiler generated dependencies of target learn_function[0m
[0.057s] [35m[1mConsolidate compiler generated dependencies of target learn_thread[0m
[0.057s] [ 85%] Built target learn_function
[0.066s] [ 92%] [32mBuilding CXX object CMakeFiles/learn_thread.dir/src/learn_thread.cpp.o[0m
[1.592s] [100%] [32m[1mLinking CXX executable learn_thread[0m
[1.667s] [100%] Built target learn_thread
[1.671s] Invoked command in '/home/bohn/FishRos/chapt2/chapt2_ws/build/demo_cpp_pkg' returned '0': CMAKE_PREFIX_PATH=${CMAKE_PREFIX_PATH}:/home/bohn/FishRos/chapt2/chapt2_ws/install/demo_python_pkg:/opt/ros/humble /usr/bin/cmake --build /home/bohn/FishRos/chapt2/chapt2_ws/build/demo_cpp_pkg -- -j2 -l2
[1.675s] Invoking command in '/home/bohn/FishRos/chapt2/chapt2_ws/build/demo_cpp_pkg': CMAKE_PREFIX_PATH=${CMAKE_PREFIX_PATH}:/home/bohn/FishRos/chapt2/chapt2_ws/install/demo_python_pkg:/opt/ros/humble /usr/bin/cmake --install /home/bohn/FishRos/chapt2/chapt2_ws/build/demo_cpp_pkg
[1.677s] -- Install configuration: ""
[1.677s] -- Installing: /home/bohn/FishRos/chapt2/chapt2_ws/install/demo_cpp_pkg/lib/demo_cpp_pkg/cpp_node
[1.677s] -- Set runtime path of "/home/bohn/FishRos/chapt2/chapt2_ws/install/demo_cpp_pkg/lib/demo_cpp_pkg/cpp_node" to ""
[1.677s] -- Installing: /home/bohn/FishRos/chapt2/chapt2_ws/install/demo_cpp_pkg/lib/demo_cpp_pkg/person_node
[1.678s] -- Set runtime path of "/home/bohn/FishRos/chapt2/chapt2_ws/install/demo_cpp_pkg/lib/demo_cpp_pkg/person_node" to ""
[1.678s] -- Installing: /home/bohn/FishRos/chapt2/chapt2_ws/install/demo_cpp_pkg/lib/demo_cpp_pkg/learn_auto
[1.678s] -- Installing: /home/bohn/FishRos/chapt2/chapt2_ws/install/demo_cpp_pkg/lib/demo_cpp_pkg/learn_shared_ptr
[1.678s] -- Installing: /home/bohn/FishRos/chapt2/chapt2_ws/install/demo_cpp_pkg/lib/demo_cpp_pkg/learn_lambda
[1.679s] -- Installing: /home/bohn/FishRos/chapt2/chapt2_ws/install/demo_cpp_pkg/lib/demo_cpp_pkg/learn_function
[1.679s] -- Installing: /home/bohn/FishRos/chapt2/chapt2_ws/install/demo_cpp_pkg/lib/demo_cpp_pkg/learn_thread
[1.680s] -- Up-to-date: /home/bohn/FishRos/chapt2/chapt2_ws/install/demo_cpp_pkg/share/ament_index/resource_index/package_run_dependencies/demo_cpp_pkg
[1.680s] -- Up-to-date: /home/bohn/FishRos/chapt2/chapt2_ws/install/demo_cpp_pkg/share/ament_index/resource_index/parent_prefix_path/demo_cpp_pkg
[1.680s] -- Up-to-date: /home/bohn/FishRos/chapt2/chapt2_ws/install/demo_cpp_pkg/share/demo_cpp_pkg/environment/ament_prefix_path.sh
[1.680s] -- Installing: /home/bohn/FishRos/chapt2/chapt2_ws/install/demo_cpp_pkg/share/demo_cpp_pkg/environment/ament_prefix_path.dsv
[1.680s] -- Up-to-date: /home/bohn/FishRos/chapt2/chapt2_ws/install/demo_cpp_pkg/share/demo_cpp_pkg/environment/path.sh
[1.680s] -- Installing: /home/bohn/FishRos/chapt2/chapt2_ws/install/demo_cpp_pkg/share/demo_cpp_pkg/environment/path.dsv
[1.680s] -- Up-to-date: /home/bohn/FishRos/chapt2/chapt2_ws/install/demo_cpp_pkg/share/demo_cpp_pkg/local_setup.bash
[1.680s] -- Up-to-date: /home/bohn/FishRos/chapt2/chapt2_ws/install/demo_cpp_pkg/share/demo_cpp_pkg/local_setup.sh
[1.680s] -- Up-to-date: /home/bohn/FishRos/chapt2/chapt2_ws/install/demo_cpp_pkg/share/demo_cpp_pkg/local_setup.zsh
[1.680s] -- Installing: /home/bohn/FishRos/chapt2/chapt2_ws/install/demo_cpp_pkg/share/demo_cpp_pkg/local_setup.dsv
[1.680s] -- Installing: /home/bohn/FishRos/chapt2/chapt2_ws/install/demo_cpp_pkg/share/demo_cpp_pkg/package.dsv
[1.680s] -- Up-to-date: /home/bohn/FishRos/chapt2/chapt2_ws/install/demo_cpp_pkg/share/ament_index/resource_index/packages/demo_cpp_pkg
[1.680s] -- Up-to-date: /home/bohn/FishRos/chapt2/chapt2_ws/install/demo_cpp_pkg/share/demo_cpp_pkg/cmake/demo_cpp_pkgConfig.cmake
[1.680s] -- Up-to-date: /home/bohn/FishRos/chapt2/chapt2_ws/install/demo_cpp_pkg/share/demo_cpp_pkg/cmake/demo_cpp_pkgConfig-version.cmake
[1.680s] -- Up-to-date: /home/bohn/FishRos/chapt2/chapt2_ws/install/demo_cpp_pkg/share/demo_cpp_pkg/package.xml
[1.682s] Invoked command in '/home/bohn/FishRos/chapt2/chapt2_ws/build/demo_cpp_pkg' returned '0': CMAKE_PREFIX_PATH=${CMAKE_PREFIX_PATH}:/home/bohn/FishRos/chapt2/chapt2_ws/install/demo_python_pkg:/opt/ros/humble /usr/bin/cmake --install /home/bohn/FishRos/chapt2/chapt2_ws/build/demo_cpp_pkg
