[0.004s] Invoking command in '/home/bohn/FishRos/chapt2/chapt2_ws/build/demo_cpp_pkg': CMAKE_PREFIX_PATH=/opt/ros/humble /usr/bin/cmake --build /home/bohn/FishRos/chapt2/chapt2_ws/build/demo_cpp_pkg -- -j2 -l2
[0.016s] -- Found ament_cmake: 1.3.12 (/opt/ros/humble/share/ament_cmake/cmake)
[0.064s] -- Found rclcpp: 16.0.14 (/opt/ros/humble/share/rclcpp/cmake)
[0.074s] -- Found rosidl_generator_c: 3.1.7 (/opt/ros/humble/share/rosidl_generator_c/cmake)
[0.075s] -- Found rosidl_adapter: 3.1.7 (/opt/ros/humble/share/rosidl_adapter/cmake)
[0.077s] -- Found rosidl_generator_cpp: 3.1.7 (/opt/ros/humble/share/rosidl_generator_cpp/cmake)
[0.081s] -- Using all available rosidl_typesupport_c: rosidl_typesupport_fastrtps_c;rosidl_typesupport_introspection_c
[0.085s] -- Using all available rosidl_typesupport_cpp: rosidl_typesupport_fastrtps_cpp;rosidl_typesupport_introspection_cpp
[0.096s] -- Found rmw_implementation_cmake: 6.1.2 (/opt/ros/humble/share/rmw_implementation_cmake/cmake)
[0.096s] -- Found rmw_fastrtps_cpp: 6.2.8 (/opt/ros/humble/share/rmw_fastrtps_cpp/cmake)
[0.138s] -- Using RMW implementation 'rmw_fastrtps_cpp' as default
[0.157s] -- Found ament_lint_auto: 0.12.14 (/opt/ros/humble/share/ament_lint_auto/cmake)
[0.187s] -- Added test 'cppcheck' to perform static code analysis on C / C++ code
[0.187s] -- Configured cppcheck include dirs: 
[0.187s] -- Configured cppcheck exclude dirs and/or files: 
[0.187s] -- Added test 'lint_cmake' to check CMake code style
[0.187s] -- Added test 'uncrustify' to check C / C++ code style
[0.187s] -- Configured uncrustify additional arguments: 
[0.188s] -- Added test 'xmllint' to check XML markup files
[0.188s] -- Configuring done
[0.196s] -- Generating done
[0.198s] -- Build files have been written to: /home/bohn/FishRos/chapt2/chapt2_ws/build/demo_cpp_pkg
[0.207s] [35m[1mConsolidate compiler generated dependencies of target cpp_node[0m
[0.208s] [35m[1mConsolidate compiler generated dependencies of target person_node[0m
[0.214s] [ 50%] Built target cpp_node
[0.214s] [ 66%] Built target person_node
[0.219s] [ 83%] [32mBuilding CXX object CMakeFiles/learn_auto.dir/src/learn_auto.cpp.o[0m
[0.340s] [100%] [32m[1mLinking CXX executable learn_auto[0m
[0.388s] [100%] Built target learn_auto
[0.391s] Invoked command in '/home/bohn/FishRos/chapt2/chapt2_ws/build/demo_cpp_pkg' returned '0': CMAKE_PREFIX_PATH=/opt/ros/humble /usr/bin/cmake --build /home/bohn/FishRos/chapt2/chapt2_ws/build/demo_cpp_pkg -- -j2 -l2
[0.394s] Invoking command in '/home/bohn/FishRos/chapt2/chapt2_ws/build/demo_cpp_pkg': CMAKE_PREFIX_PATH=/opt/ros/humble /usr/bin/cmake --install /home/bohn/FishRos/chapt2/chapt2_ws/build/demo_cpp_pkg
[0.396s] -- Install configuration: ""
[0.396s] -- Up-to-date: /home/bohn/FishRos/chapt2/chapt2_ws/install/demo_cpp_pkg/lib/demo_cpp_pkg/cpp_node
[0.396s] -- Up-to-date: /home/bohn/FishRos/chapt2/chapt2_ws/install/demo_cpp_pkg/lib/demo_cpp_pkg/person_node
[0.396s] -- Up-to-date: /home/bohn/FishRos/chapt2/chapt2_ws/install/demo_cpp_pkg/share/ament_index/resource_index/package_run_dependencies/demo_cpp_pkg
[0.396s] -- Up-to-date: /home/bohn/FishRos/chapt2/chapt2_ws/install/demo_cpp_pkg/share/ament_index/resource_index/parent_prefix_path/demo_cpp_pkg
[0.396s] -- Up-to-date: /home/bohn/FishRos/chapt2/chapt2_ws/install/demo_cpp_pkg/share/demo_cpp_pkg/environment/ament_prefix_path.sh
[0.396s] -- Installing: /home/bohn/FishRos/chapt2/chapt2_ws/install/demo_cpp_pkg/share/demo_cpp_pkg/environment/ament_prefix_path.dsv
[0.397s] -- Up-to-date: /home/bohn/FishRos/chapt2/chapt2_ws/install/demo_cpp_pkg/share/demo_cpp_pkg/environment/path.sh
[0.397s] -- Installing: /home/bohn/FishRos/chapt2/chapt2_ws/install/demo_cpp_pkg/share/demo_cpp_pkg/environment/path.dsv
[0.397s] -- Up-to-date: /home/bohn/FishRos/chapt2/chapt2_ws/install/demo_cpp_pkg/share/demo_cpp_pkg/local_setup.bash
[0.397s] -- Up-to-date: /home/bohn/FishRos/chapt2/chapt2_ws/install/demo_cpp_pkg/share/demo_cpp_pkg/local_setup.sh
[0.397s] -- Up-to-date: /home/bohn/FishRos/chapt2/chapt2_ws/install/demo_cpp_pkg/share/demo_cpp_pkg/local_setup.zsh
[0.397s] -- Installing: /home/bohn/FishRos/chapt2/chapt2_ws/install/demo_cpp_pkg/share/demo_cpp_pkg/local_setup.dsv
[0.397s] -- Installing: /home/bohn/FishRos/chapt2/chapt2_ws/install/demo_cpp_pkg/share/demo_cpp_pkg/package.dsv
[0.398s] -- Up-to-date: /home/bohn/FishRos/chapt2/chapt2_ws/install/demo_cpp_pkg/share/ament_index/resource_index/packages/demo_cpp_pkg
[0.398s] -- Up-to-date: /home/bohn/FishRos/chapt2/chapt2_ws/install/demo_cpp_pkg/share/demo_cpp_pkg/cmake/demo_cpp_pkgConfig.cmake
[0.398s] -- Up-to-date: /home/bohn/FishRos/chapt2/chapt2_ws/install/demo_cpp_pkg/share/demo_cpp_pkg/cmake/demo_cpp_pkgConfig-version.cmake
[0.398s] -- Up-to-date: /home/bohn/FishRos/chapt2/chapt2_ws/install/demo_cpp_pkg/share/demo_cpp_pkg/package.xml
[0.399s] Invoked command in '/home/bohn/FishRos/chapt2/chapt2_ws/build/demo_cpp_pkg' returned '0': CMAKE_PREFIX_PATH=/opt/ros/humble /usr/bin/cmake --install /home/bohn/FishRos/chapt2/chapt2_ws/build/demo_cpp_pkg
