[0.002s] Invoking command in '/home/bohn/FishRos/chapt3/topic_practice_ws/build/status_interfaces': CMAKE_PREFIX_PATH=${CMAKE_PREFIX_PATH}:/home/bohn/FishRos/chapt3/topic_practice_ws/install/status_publisher:/home/bohn/FishRos/chapt3/topic_ws/install/demo_python_topic:/opt/ros/humble /usr/bin/cmake --build /home/bohn/FishRos/chapt3/topic_practice_ws/build/status_interfaces -- -j2 -l2
[0.022s] [  3%] Built target status_interfaces__cpp
[0.023s] [ 12%] Built target status_interfaces__rosidl_generator_c
[0.031s] [ 22%] Built target status_interfaces__rosidl_typesupport_cpp
[0.033s] [ 22%] Built target ament_cmake_python_copy_status_interfaces
[0.041s] [ 35%] Built target status_interfaces__rosidl_typesupport_introspection_c
[0.041s] [ 41%] Built target status_interfaces__rosidl_typesupport_fastrtps_c
[0.048s] [ 51%] Built target status_interfaces__rosidl_typesupport_c
[0.050s] [ 61%] Built target status_interfaces__rosidl_typesupport_fastrtps_cpp
[0.058s] [ 70%] Built target status_interfaces__rosidl_typesupport_introspection_cpp
[0.065s] [ 70%] Built target status_interfaces
[0.072s] [ 74%] Built target status_interfaces__py
[0.081s] [ 80%] Built target status_interfaces__rosidl_generator_py
[0.089s] [ 87%] Built target status_interfaces__rosidl_typesupport_fastrtps_c__pyext
[0.100s] [ 93%] Built target status_interfaces__rosidl_typesupport_introspection_c__pyext
[0.110s] [100%] Built target status_interfaces__rosidl_typesupport_c__pyext
[0.154s] running egg_info
[0.154s] writing status_interfaces.egg-info/PKG-INFO
[0.154s] writing dependency_links to status_interfaces.egg-info/dependency_links.txt
[0.154s] writing top-level names to status_interfaces.egg-info/top_level.txt
[0.156s] reading manifest file 'status_interfaces.egg-info/SOURCES.txt'
[0.156s] writing manifest file 'status_interfaces.egg-info/SOURCES.txt'
[0.174s] [100%] Built target ament_cmake_python_build_status_interfaces_egg
[0.193s] Invoked command in '/home/bohn/FishRos/chapt3/topic_practice_ws/build/status_interfaces' returned '0': CMAKE_PREFIX_PATH=${CMAKE_PREFIX_PATH}:/home/bohn/FishRos/chapt3/topic_practice_ws/install/status_publisher:/home/bohn/FishRos/chapt3/topic_ws/install/demo_python_topic:/opt/ros/humble /usr/bin/cmake --build /home/bohn/FishRos/chapt3/topic_practice_ws/build/status_interfaces -- -j2 -l2
[0.196s] Invoking command in '/home/bohn/FishRos/chapt3/topic_practice_ws/build/status_interfaces': CMAKE_PREFIX_PATH=${CMAKE_PREFIX_PATH}:/home/bohn/FishRos/chapt3/topic_practice_ws/install/status_publisher:/home/bohn/FishRos/chapt3/topic_ws/install/demo_python_topic:/opt/ros/humble /usr/bin/cmake --install /home/bohn/FishRos/chapt3/topic_practice_ws/build/status_interfaces
[0.199s] -- Install configuration: ""
[0.199s] -- Up-to-date: /home/bohn/FishRos/chapt3/topic_practice_ws/install/status_interfaces/share/ament_index/resource_index/rosidl_interfaces/status_interfaces
[0.199s] -- Up-to-date: /home/bohn/FishRos/chapt3/topic_practice_ws/install/status_interfaces/include/status_interfaces/status_interfaces
[0.199s] -- Up-to-date: /home/bohn/FishRos/chapt3/topic_practice_ws/install/status_interfaces/include/status_interfaces/status_interfaces/msg
[0.199s] -- Up-to-date: /home/bohn/FishRos/chapt3/topic_practice_ws/install/status_interfaces/include/status_interfaces/status_interfaces/msg/system_status.h
[0.199s] -- Up-to-date: /home/bohn/FishRos/chapt3/topic_practice_ws/install/status_interfaces/include/status_interfaces/status_interfaces/msg/rosidl_generator_c__visibility_control.h
[0.199s] -- Up-to-date: /home/bohn/FishRos/chapt3/topic_practice_ws/install/status_interfaces/include/status_interfaces/status_interfaces/msg/detail
[0.200s] -- Up-to-date: /home/bohn/FishRos/chapt3/topic_practice_ws/install/status_interfaces/include/status_interfaces/status_interfaces/msg/detail/system_status__functions.h
[0.200s] -- Up-to-date: /home/bohn/FishRos/chapt3/topic_practice_ws/install/status_interfaces/include/status_interfaces/status_interfaces/msg/detail/system_status__struct.h
[0.200s] -- Up-to-date: /home/bohn/FishRos/chapt3/topic_practice_ws/install/status_interfaces/include/status_interfaces/status_interfaces/msg/detail/system_status__type_support.h
[0.200s] -- Up-to-date: /home/bohn/FishRos/chapt3/topic_practice_ws/install/status_interfaces/include/status_interfaces/status_interfaces/msg/detail/system_status__functions.c
[0.200s] -- Up-to-date: /home/bohn/FishRos/chapt3/topic_practice_ws/install/status_interfaces/share/status_interfaces/environment/library_path.sh
[0.200s] -- Up-to-date: /home/bohn/FishRos/chapt3/topic_practice_ws/install/status_interfaces/share/status_interfaces/environment/library_path.dsv
[0.200s] -- Up-to-date: /home/bohn/FishRos/chapt3/topic_practice_ws/install/status_interfaces/lib/libstatus_interfaces__rosidl_generator_c.so
[0.201s] -- Up-to-date: /home/bohn/FishRos/chapt3/topic_practice_ws/install/status_interfaces/include/status_interfaces/status_interfaces
[0.201s] -- Up-to-date: /home/bohn/FishRos/chapt3/topic_practice_ws/install/status_interfaces/include/status_interfaces/status_interfaces/msg
[0.201s] -- Up-to-date: /home/bohn/FishRos/chapt3/topic_practice_ws/install/status_interfaces/include/status_interfaces/status_interfaces/msg/rosidl_typesupport_fastrtps_c__visibility_control.h
[0.201s] -- Up-to-date: /home/bohn/FishRos/chapt3/topic_practice_ws/install/status_interfaces/include/status_interfaces/status_interfaces/msg/detail
[0.201s] -- Up-to-date: /home/bohn/FishRos/chapt3/topic_practice_ws/install/status_interfaces/include/status_interfaces/status_interfaces/msg/detail/system_status__rosidl_typesupport_fastrtps_c.h
[0.201s] -- Up-to-date: /home/bohn/FishRos/chapt3/topic_practice_ws/install/status_interfaces/lib/libstatus_interfaces__rosidl_typesupport_fastrtps_c.so
[0.201s] -- Up-to-date: /home/bohn/FishRos/chapt3/topic_practice_ws/install/status_interfaces/include/status_interfaces/status_interfaces
[0.201s] -- Up-to-date: /home/bohn/FishRos/chapt3/topic_practice_ws/install/status_interfaces/include/status_interfaces/status_interfaces/msg
[0.201s] -- Up-to-date: /home/bohn/FishRos/chapt3/topic_practice_ws/install/status_interfaces/include/status_interfaces/status_interfaces/msg/rosidl_typesupport_introspection_c__visibility_control.h
[0.201s] -- Up-to-date: /home/bohn/FishRos/chapt3/topic_practice_ws/install/status_interfaces/include/status_interfaces/status_interfaces/msg/detail
[0.201s] -- Up-to-date: /home/bohn/FishRos/chapt3/topic_practice_ws/install/status_interfaces/include/status_interfaces/status_interfaces/msg/detail/system_status__rosidl_typesupport_introspection_c.h
[0.201s] -- Up-to-date: /home/bohn/FishRos/chapt3/topic_practice_ws/install/status_interfaces/include/status_interfaces/status_interfaces/msg/detail/system_status__type_support.c
[0.201s] -- Up-to-date: /home/bohn/FishRos/chapt3/topic_practice_ws/install/status_interfaces/lib/libstatus_interfaces__rosidl_typesupport_introspection_c.so
[0.201s] -- Up-to-date: /home/bohn/FishRos/chapt3/topic_practice_ws/install/status_interfaces/lib/libstatus_interfaces__rosidl_typesupport_c.so
[0.201s] -- Up-to-date: /home/bohn/FishRos/chapt3/topic_practice_ws/install/status_interfaces/include/status_interfaces/status_interfaces
[0.201s] -- Up-to-date: /home/bohn/FishRos/chapt3/topic_practice_ws/install/status_interfaces/include/status_interfaces/status_interfaces/msg
[0.201s] -- Up-to-date: /home/bohn/FishRos/chapt3/topic_practice_ws/install/status_interfaces/include/status_interfaces/status_interfaces/msg/system_status.hpp
[0.201s] -- Up-to-date: /home/bohn/FishRos/chapt3/topic_practice_ws/install/status_interfaces/include/status_interfaces/status_interfaces/msg/rosidl_generator_cpp__visibility_control.hpp
[0.201s] -- Up-to-date: /home/bohn/FishRos/chapt3/topic_practice_ws/install/status_interfaces/include/status_interfaces/status_interfaces/msg/detail
[0.201s] -- Up-to-date: /home/bohn/FishRos/chapt3/topic_practice_ws/install/status_interfaces/include/status_interfaces/status_interfaces/msg/detail/system_status__type_support.hpp
[0.201s] -- Up-to-date: /home/bohn/FishRos/chapt3/topic_practice_ws/install/status_interfaces/include/status_interfaces/status_interfaces/msg/detail/system_status__traits.hpp
[0.201s] -- Up-to-date: /home/bohn/FishRos/chapt3/topic_practice_ws/install/status_interfaces/include/status_interfaces/status_interfaces/msg/detail/system_status__builder.hpp
[0.201s] -- Up-to-date: /home/bohn/FishRos/chapt3/topic_practice_ws/install/status_interfaces/include/status_interfaces/status_interfaces/msg/detail/system_status__struct.hpp
[0.201s] -- Up-to-date: /home/bohn/FishRos/chapt3/topic_practice_ws/install/status_interfaces/include/status_interfaces/status_interfaces
[0.201s] -- Up-to-date: /home/bohn/FishRos/chapt3/topic_practice_ws/install/status_interfaces/include/status_interfaces/status_interfaces/msg
[0.201s] -- Up-to-date: /home/bohn/FishRos/chapt3/topic_practice_ws/install/status_interfaces/include/status_interfaces/status_interfaces/msg/rosidl_typesupport_fastrtps_cpp__visibility_control.h
[0.201s] -- Up-to-date: /home/bohn/FishRos/chapt3/topic_practice_ws/install/status_interfaces/include/status_interfaces/status_interfaces/msg/detail
[0.201s] -- Up-to-date: /home/bohn/FishRos/chapt3/topic_practice_ws/install/status_interfaces/include/status_interfaces/status_interfaces/msg/detail/dds_fastrtps
[0.202s] -- Up-to-date: /home/bohn/FishRos/chapt3/topic_practice_ws/install/status_interfaces/include/status_interfaces/status_interfaces/msg/detail/system_status__rosidl_typesupport_fastrtps_cpp.hpp
[0.202s] -- Up-to-date: /home/bohn/FishRos/chapt3/topic_practice_ws/install/status_interfaces/lib/libstatus_interfaces__rosidl_typesupport_fastrtps_cpp.so
[0.202s] -- Up-to-date: /home/bohn/FishRos/chapt3/topic_practice_ws/install/status_interfaces/include/status_interfaces/status_interfaces
[0.202s] -- Up-to-date: /home/bohn/FishRos/chapt3/topic_practice_ws/install/status_interfaces/include/status_interfaces/status_interfaces/msg
[0.202s] -- Up-to-date: /home/bohn/FishRos/chapt3/topic_practice_ws/install/status_interfaces/include/status_interfaces/status_interfaces/msg/detail
[0.202s] -- Up-to-date: /home/bohn/FishRos/chapt3/topic_practice_ws/install/status_interfaces/include/status_interfaces/status_interfaces/msg/detail/system_status__rosidl_typesupport_introspection_cpp.hpp
[0.202s] -- Up-to-date: /home/bohn/FishRos/chapt3/topic_practice_ws/install/status_interfaces/include/status_interfaces/status_interfaces/msg/detail/system_status__type_support.cpp
[0.202s] -- Up-to-date: /home/bohn/FishRos/chapt3/topic_practice_ws/install/status_interfaces/lib/libstatus_interfaces__rosidl_typesupport_introspection_cpp.so
[0.202s] -- Up-to-date: /home/bohn/FishRos/chapt3/topic_practice_ws/install/status_interfaces/lib/libstatus_interfaces__rosidl_typesupport_cpp.so
[0.202s] -- Up-to-date: /home/bohn/FishRos/chapt3/topic_practice_ws/install/status_interfaces/share/status_interfaces/environment/pythonpath.sh
[0.202s] -- Up-to-date: /home/bohn/FishRos/chapt3/topic_practice_ws/install/status_interfaces/share/status_interfaces/environment/pythonpath.dsv
[0.202s] -- Up-to-date: /home/bohn/FishRos/chapt3/topic_practice_ws/install/status_interfaces/local/lib/python3.10/dist-packages/status_interfaces-0.0.0-py3.10.egg-info
[0.202s] -- Installing: /home/bohn/FishRos/chapt3/topic_practice_ws/install/status_interfaces/local/lib/python3.10/dist-packages/status_interfaces-0.0.0-py3.10.egg-info/dependency_links.txt
[0.202s] -- Installing: /home/bohn/FishRos/chapt3/topic_practice_ws/install/status_interfaces/local/lib/python3.10/dist-packages/status_interfaces-0.0.0-py3.10.egg-info/SOURCES.txt
[0.202s] -- Installing: /home/bohn/FishRos/chapt3/topic_practice_ws/install/status_interfaces/local/lib/python3.10/dist-packages/status_interfaces-0.0.0-py3.10.egg-info/PKG-INFO
[0.206s] -- Installing: /home/bohn/FishRos/chapt3/topic_practice_ws/install/status_interfaces/local/lib/python3.10/dist-packages/status_interfaces-0.0.0-py3.10.egg-info/top_level.txt
[0.206s] -- Up-to-date: /home/bohn/FishRos/chapt3/topic_practice_ws/install/status_interfaces/local/lib/python3.10/dist-packages/status_interfaces
[0.206s] -- Up-to-date: /home/bohn/FishRos/chapt3/topic_practice_ws/install/status_interfaces/local/lib/python3.10/dist-packages/status_interfaces/libstatus_interfaces__rosidl_generator_py.so
[0.206s] -- Up-to-date: /home/bohn/FishRos/chapt3/topic_practice_ws/install/status_interfaces/local/lib/python3.10/dist-packages/status_interfaces/_status_interfaces_s.ep.rosidl_typesupport_introspection_c.c
[0.206s] -- Up-to-date: /home/bohn/FishRos/chapt3/topic_practice_ws/install/status_interfaces/local/lib/python3.10/dist-packages/status_interfaces/msg
[0.206s] -- Up-to-date: /home/bohn/FishRos/chapt3/topic_practice_ws/install/status_interfaces/local/lib/python3.10/dist-packages/status_interfaces/msg/_system_status.py
[0.206s] -- Up-to-date: /home/bohn/FishRos/chapt3/topic_practice_ws/install/status_interfaces/local/lib/python3.10/dist-packages/status_interfaces/msg/_system_status_s.c
[0.206s] -- Up-to-date: /home/bohn/FishRos/chapt3/topic_practice_ws/install/status_interfaces/local/lib/python3.10/dist-packages/status_interfaces/msg/__init__.py
[0.206s] -- Up-to-date: /home/bohn/FishRos/chapt3/topic_practice_ws/install/status_interfaces/local/lib/python3.10/dist-packages/status_interfaces/_status_interfaces_s.ep.rosidl_typesupport_fastrtps_c.c
[0.206s] -- Up-to-date: /home/bohn/FishRos/chapt3/topic_practice_ws/install/status_interfaces/local/lib/python3.10/dist-packages/status_interfaces/status_interfaces_s__rosidl_typesupport_introspection_c.cpython-310-aarch64-linux-gnu.so
[0.206s] -- Up-to-date: /home/bohn/FishRos/chapt3/topic_practice_ws/install/status_interfaces/local/lib/python3.10/dist-packages/status_interfaces/__init__.py
[0.206s] -- Up-to-date: /home/bohn/FishRos/chapt3/topic_practice_ws/install/status_interfaces/local/lib/python3.10/dist-packages/status_interfaces/status_interfaces_s__rosidl_typesupport_c.cpython-310-aarch64-linux-gnu.so
[0.206s] -- Up-to-date: /home/bohn/FishRos/chapt3/topic_practice_ws/install/status_interfaces/local/lib/python3.10/dist-packages/status_interfaces/_status_interfaces_s.ep.rosidl_typesupport_c.c
[0.206s] -- Up-to-date: /home/bohn/FishRos/chapt3/topic_practice_ws/install/status_interfaces/local/lib/python3.10/dist-packages/status_interfaces/status_interfaces_s__rosidl_typesupport_fastrtps_c.cpython-310-aarch64-linux-gnu.so
[0.221s] Listing '/home/bohn/FishRos/chapt3/topic_practice_ws/install/status_interfaces/local/lib/python3.10/dist-packages/status_interfaces'...
[0.221s] Listing '/home/bohn/FishRos/chapt3/topic_practice_ws/install/status_interfaces/local/lib/python3.10/dist-packages/status_interfaces/msg'...
[0.223s] -- Up-to-date: /home/bohn/FishRos/chapt3/topic_practice_ws/install/status_interfaces/local/lib/python3.10/dist-packages/status_interfaces/status_interfaces_s__rosidl_typesupport_fastrtps_c.cpython-310-aarch64-linux-gnu.so
[0.223s] -- Up-to-date: /home/bohn/FishRos/chapt3/topic_practice_ws/install/status_interfaces/local/lib/python3.10/dist-packages/status_interfaces/status_interfaces_s__rosidl_typesupport_introspection_c.cpython-310-aarch64-linux-gnu.so
[0.225s] -- Up-to-date: /home/bohn/FishRos/chapt3/topic_practice_ws/install/status_interfaces/local/lib/python3.10/dist-packages/status_interfaces/status_interfaces_s__rosidl_typesupport_c.cpython-310-aarch64-linux-gnu.so
[0.225s] -- Up-to-date: /home/bohn/FishRos/chapt3/topic_practice_ws/install/status_interfaces/lib/libstatus_interfaces__rosidl_generator_py.so
[0.225s] -- Up-to-date: /home/bohn/FishRos/chapt3/topic_practice_ws/install/status_interfaces/share/status_interfaces/msg/SystemStatus.idl
[0.225s] -- Up-to-date: /home/bohn/FishRos/chapt3/topic_practice_ws/install/status_interfaces/share/status_interfaces/msg/SystemStatus.msg
[0.226s] -- Up-to-date: /home/bohn/FishRos/chapt3/topic_practice_ws/install/status_interfaces/share/ament_index/resource_index/package_run_dependencies/status_interfaces
[0.226s] -- Up-to-date: /home/bohn/FishRos/chapt3/topic_practice_ws/install/status_interfaces/share/ament_index/resource_index/parent_prefix_path/status_interfaces
[0.226s] -- Up-to-date: /home/bohn/FishRos/chapt3/topic_practice_ws/install/status_interfaces/share/status_interfaces/environment/ament_prefix_path.sh
[0.226s] -- Up-to-date: /home/bohn/FishRos/chapt3/topic_practice_ws/install/status_interfaces/share/status_interfaces/environment/ament_prefix_path.dsv
[0.226s] -- Up-to-date: /home/bohn/FishRos/chapt3/topic_practice_ws/install/status_interfaces/share/status_interfaces/environment/path.sh
[0.226s] -- Up-to-date: /home/bohn/FishRos/chapt3/topic_practice_ws/install/status_interfaces/share/status_interfaces/environment/path.dsv
[0.226s] -- Up-to-date: /home/bohn/FishRos/chapt3/topic_practice_ws/install/status_interfaces/share/status_interfaces/local_setup.bash
[0.227s] -- Up-to-date: /home/bohn/FishRos/chapt3/topic_practice_ws/install/status_interfaces/share/status_interfaces/local_setup.sh
[0.227s] -- Up-to-date: /home/bohn/FishRos/chapt3/topic_practice_ws/install/status_interfaces/share/status_interfaces/local_setup.zsh
[0.227s] -- Up-to-date: /home/bohn/FishRos/chapt3/topic_practice_ws/install/status_interfaces/share/status_interfaces/local_setup.dsv
[0.227s] -- Installing: /home/bohn/FishRos/chapt3/topic_practice_ws/install/status_interfaces/share/status_interfaces/package.dsv
[0.227s] -- Up-to-date: /home/bohn/FishRos/chapt3/topic_practice_ws/install/status_interfaces/share/ament_index/resource_index/packages/status_interfaces
[0.228s] -- Up-to-date: /home/bohn/FishRos/chapt3/topic_practice_ws/install/status_interfaces/share/status_interfaces/cmake/export_status_interfaces__rosidl_generator_cExport.cmake
[0.228s] -- Up-to-date: /home/bohn/FishRos/chapt3/topic_practice_ws/install/status_interfaces/share/status_interfaces/cmake/export_status_interfaces__rosidl_generator_cExport-noconfig.cmake
[0.228s] -- Up-to-date: /home/bohn/FishRos/chapt3/topic_practice_ws/install/status_interfaces/share/status_interfaces/cmake/export_status_interfaces__rosidl_typesupport_fastrtps_cExport.cmake
[0.228s] -- Up-to-date: /home/bohn/FishRos/chapt3/topic_practice_ws/install/status_interfaces/share/status_interfaces/cmake/export_status_interfaces__rosidl_typesupport_fastrtps_cExport-noconfig.cmake
[0.228s] -- Up-to-date: /home/bohn/FishRos/chapt3/topic_practice_ws/install/status_interfaces/share/status_interfaces/cmake/status_interfaces__rosidl_typesupport_introspection_cExport.cmake
[0.228s] -- Up-to-date: /home/bohn/FishRos/chapt3/topic_practice_ws/install/status_interfaces/share/status_interfaces/cmake/status_interfaces__rosidl_typesupport_introspection_cExport-noconfig.cmake
[0.228s] -- Up-to-date: /home/bohn/FishRos/chapt3/topic_practice_ws/install/status_interfaces/share/status_interfaces/cmake/status_interfaces__rosidl_typesupport_cExport.cmake
[0.228s] -- Up-to-date: /home/bohn/FishRos/chapt3/topic_practice_ws/install/status_interfaces/share/status_interfaces/cmake/status_interfaces__rosidl_typesupport_cExport-noconfig.cmake
[0.228s] -- Up-to-date: /home/bohn/FishRos/chapt3/topic_practice_ws/install/status_interfaces/share/status_interfaces/cmake/export_status_interfaces__rosidl_generator_cppExport.cmake
[0.228s] -- Up-to-date: /home/bohn/FishRos/chapt3/topic_practice_ws/install/status_interfaces/share/status_interfaces/cmake/export_status_interfaces__rosidl_typesupport_fastrtps_cppExport.cmake
[0.228s] -- Up-to-date: /home/bohn/FishRos/chapt3/topic_practice_ws/install/status_interfaces/share/status_interfaces/cmake/export_status_interfaces__rosidl_typesupport_fastrtps_cppExport-noconfig.cmake
[0.228s] -- Up-to-date: /home/bohn/FishRos/chapt3/topic_practice_ws/install/status_interfaces/share/status_interfaces/cmake/status_interfaces__rosidl_typesupport_introspection_cppExport.cmake
[0.228s] -- Up-to-date: /home/bohn/FishRos/chapt3/topic_practice_ws/install/status_interfaces/share/status_interfaces/cmake/status_interfaces__rosidl_typesupport_introspection_cppExport-noconfig.cmake
[0.228s] -- Up-to-date: /home/bohn/FishRos/chapt3/topic_practice_ws/install/status_interfaces/share/status_interfaces/cmake/status_interfaces__rosidl_typesupport_cppExport.cmake
[0.228s] -- Up-to-date: /home/bohn/FishRos/chapt3/topic_practice_ws/install/status_interfaces/share/status_interfaces/cmake/status_interfaces__rosidl_typesupport_cppExport-noconfig.cmake
[0.228s] -- Up-to-date: /home/bohn/FishRos/chapt3/topic_practice_ws/install/status_interfaces/share/status_interfaces/cmake/export_status_interfaces__rosidl_generator_pyExport.cmake
[0.228s] -- Up-to-date: /home/bohn/FishRos/chapt3/topic_practice_ws/install/status_interfaces/share/status_interfaces/cmake/export_status_interfaces__rosidl_generator_pyExport-noconfig.cmake
[0.228s] -- Up-to-date: /home/bohn/FishRos/chapt3/topic_practice_ws/install/status_interfaces/share/status_interfaces/cmake/rosidl_cmake-extras.cmake
[0.228s] -- Up-to-date: /home/bohn/FishRos/chapt3/topic_practice_ws/install/status_interfaces/share/status_interfaces/cmake/ament_cmake_export_dependencies-extras.cmake
[0.230s] -- Up-to-date: /home/bohn/FishRos/chapt3/topic_practice_ws/install/status_interfaces/share/status_interfaces/cmake/ament_cmake_export_include_directories-extras.cmake
[0.230s] -- Up-to-date: /home/bohn/FishRos/chapt3/topic_practice_ws/install/status_interfaces/share/status_interfaces/cmake/ament_cmake_export_libraries-extras.cmake
[0.230s] -- Up-to-date: /home/bohn/FishRos/chapt3/topic_practice_ws/install/status_interfaces/share/status_interfaces/cmake/ament_cmake_export_targets-extras.cmake
[0.230s] -- Up-to-date: /home/bohn/FishRos/chapt3/topic_practice_ws/install/status_interfaces/share/status_interfaces/cmake/rosidl_cmake_export_typesupport_targets-extras.cmake
[0.230s] -- Up-to-date: /home/bohn/FishRos/chapt3/topic_practice_ws/install/status_interfaces/share/status_interfaces/cmake/rosidl_cmake_export_typesupport_libraries-extras.cmake
[0.230s] -- Up-to-date: /home/bohn/FishRos/chapt3/topic_practice_ws/install/status_interfaces/share/status_interfaces/cmake/status_interfacesConfig.cmake
[0.230s] -- Up-to-date: /home/bohn/FishRos/chapt3/topic_practice_ws/install/status_interfaces/share/status_interfaces/cmake/status_interfacesConfig-version.cmake
[0.230s] -- Up-to-date: /home/bohn/FishRos/chapt3/topic_practice_ws/install/status_interfaces/share/status_interfaces/package.xml
[0.233s] Invoked command in '/home/bohn/FishRos/chapt3/topic_practice_ws/build/status_interfaces' returned '0': CMAKE_PREFIX_PATH=${CMAKE_PREFIX_PATH}:/home/bohn/FishRos/chapt3/topic_practice_ws/install/status_publisher:/home/bohn/FishRos/chapt3/topic_ws/install/demo_python_topic:/opt/ros/humble /usr/bin/cmake --install /home/bohn/FishRos/chapt3/topic_practice_ws/build/status_interfaces
