[0.005s] Invoking command in '/home/bohn/FishRos/chapt3/topic_practice_ws/build/status_display': CMAKE_PREFIX_PATH=${CMAKE_PREFIX_PATH}:/home/bohn/FishRos/chapt3/topic_practice_ws/install/status_publisher:/opt/ros/humble /usr/bin/cmake --build /home/bohn/FishRos/chapt3/topic_practice_ws/build/status_display -- -j2 -l2
[0.020s] [35m[1mConsolidate compiler generated dependencies of target hello_qt[0m
[0.025s] [ 50%] [32mBuilding CXX object CMakeFiles/hello_qt.dir/src/hello_qt.cpp.o[0m
[0.406s] [100%] [32m[1mLinking CXX executable hello_qt[0m
[0.500s] [100%] Built target hello_qt
[0.504s] Invoked command in '/home/bohn/FishRos/chapt3/topic_practice_ws/build/status_display' returned '0': CMAKE_PREFIX_PATH=${CMAKE_PREFIX_PATH}:/home/bohn/FishRos/chapt3/topic_practice_ws/install/status_publisher:/opt/ros/humble /usr/bin/cmake --build /home/bohn/FishRos/chapt3/topic_practice_ws/build/status_display -- -j2 -l2
[0.507s] Invoking command in '/home/bohn/FishRos/chapt3/topic_practice_ws/build/status_display': CMAKE_PREFIX_PATH=${CMAKE_PREFIX_PATH}:/home/bohn/FishRos/chapt3/topic_practice_ws/install/status_publisher:/opt/ros/humble /usr/bin/cmake --install /home/bohn/FishRos/chapt3/topic_practice_ws/build/status_display
[0.509s] -- Install configuration: ""
[0.509s] -- Installing: /home/bohn/FishRos/chapt3/topic_practice_ws/install/status_display/lib/status_display/hello_qt
[0.509s] -- Installing: /home/bohn/FishRos/chapt3/topic_practice_ws/install/status_display/share/ament_index/resource_index/package_run_dependencies/status_display
[0.509s] -- Installing: /home/bohn/FishRos/chapt3/topic_practice_ws/install/status_display/share/ament_index/resource_index/parent_prefix_path/status_display
[0.509s] -- Installing: /home/bohn/FishRos/chapt3/topic_practice_ws/install/status_display/share/status_display/environment/ament_prefix_path.sh
[0.509s] -- Installing: /home/bohn/FishRos/chapt3/topic_practice_ws/install/status_display/share/status_display/environment/ament_prefix_path.dsv
[0.509s] -- Installing: /home/bohn/FishRos/chapt3/topic_practice_ws/install/status_display/share/status_display/environment/path.sh
[0.509s] -- Installing: /home/bohn/FishRos/chapt3/topic_practice_ws/install/status_display/share/status_display/environment/path.dsv
[0.509s] -- Installing: /home/bohn/FishRos/chapt3/topic_practice_ws/install/status_display/share/status_display/local_setup.bash
[0.509s] -- Installing: /home/bohn/FishRos/chapt3/topic_practice_ws/install/status_display/share/status_display/local_setup.sh
[0.509s] -- Installing: /home/bohn/FishRos/chapt3/topic_practice_ws/install/status_display/share/status_display/local_setup.zsh
[0.509s] -- Installing: /home/bohn/FishRos/chapt3/topic_practice_ws/install/status_display/share/status_display/local_setup.dsv
[0.509s] -- Up-to-date: /home/bohn/FishRos/chapt3/topic_practice_ws/install/status_display/share/status_display/package.dsv
[0.509s] -- Installing: /home/bohn/FishRos/chapt3/topic_practice_ws/install/status_display/share/ament_index/resource_index/packages/status_display
[0.509s] -- Installing: /home/bohn/FishRos/chapt3/topic_practice_ws/install/status_display/share/status_display/cmake/status_displayConfig.cmake
[0.511s] -- Installing: /home/bohn/FishRos/chapt3/topic_practice_ws/install/status_display/share/status_display/cmake/status_displayConfig-version.cmake
[0.511s] -- Installing: /home/bohn/FishRos/chapt3/topic_practice_ws/install/status_display/share/status_display/package.xml
[0.512s] Invoked command in '/home/bohn/FishRos/chapt3/topic_practice_ws/build/status_display' returned '0': CMAKE_PREFIX_PATH=${CMAKE_PREFIX_PATH}:/home/bohn/FishRos/chapt3/topic_practice_ws/install/status_publisher:/opt/ros/humble /usr/bin/cmake --install /home/bohn/FishRos/chapt3/topic_practice_ws/build/status_display
